   1               		.file	"int.c"
   2               		.arch atmega32
   3               	__SREG__ = 0x3f
   4               	__SP_H__ = 0x3e
   5               	__SP_L__ = 0x3d
   6               	__tmp_reg__ = 0
   7               	__zero_reg__ = 1
   8               		.global __do_copy_data
   9               		.global __do_clear_bss
  17               	.Ltext0:
  18               	.global	english
  19               		.section	.progmem.data,"a",@progbits
  22               	english:
  23 0000 00        		.byte	0
  24 0001 00        		.byte	0
  25 0002 00        		.byte	0
  26 0003 00        		.byte	0
  27 0004 00        		.byte	0
  28 0005 00        		.byte	0
  29 0006 00        		.byte	0
  30 0007 00        		.byte	0
  31 0008 00        		.byte	0
  32 0009 00        		.byte	0
  33 000a 00        		.byte	0
  34 000b 00        		.byte	0
  35 000c 00        		.byte	0
  36 000d 00        		.byte	0
  37 000e 00        		.byte	0
  38 000f 00        		.byte	0
  39 0010 00        		.byte	0
  40 0011 00        		.byte	0
  41 0012 00        		.byte	0
  42 0013 00        		.byte	0
  43 0014 18        		.byte	24
  44 0015 3C        		.byte	60
  45 0016 3C        		.byte	60
  46 0017 3C        		.byte	60
  47 0018 18        		.byte	24
  48 0019 18        		.byte	24
  49 001a 00        		.byte	0
  50 001b 18        		.byte	24
  51 001c 18        		.byte	24
  52 001d 00        		.byte	0
  53 001e 00        		.byte	0
  54 001f 00        		.byte	0
  55 0020 00        		.byte	0
  56 0021 00        		.byte	0
  57 0022 00        		.byte	0
  58 0023 00        		.byte	0
  59 0024 66        		.byte	102
  60 0025 66        		.byte	102
  61 0026 66        		.byte	102
  62 0027 00        		.byte	0
  63 0028 00        		.byte	0
  64 0029 00        		.byte	0
  65 002a 00        		.byte	0
  66 002b 00        		.byte	0
  67 002c 00        		.byte	0
  68 002d 00        		.byte	0
  69 002e 00        		.byte	0
  70 002f 00        		.byte	0
  71 0030 00        		.byte	0
  72 0031 00        		.byte	0
  73 0032 00        		.byte	0
  74 0033 00        		.byte	0
  75 0034 36        		.byte	54
  76 0035 36        		.byte	54
  77 0036 7F        		.byte	127
  78 0037 36        		.byte	54
  79 0038 36        		.byte	54
  80 0039 36        		.byte	54
  81 003a 7F        		.byte	127
  82 003b 36        		.byte	54
  83 003c 36        		.byte	54
  84 003d 00        		.byte	0
  85 003e 00        		.byte	0
  86 003f 00        		.byte	0
  87 0040 00        		.byte	0
  88 0041 00        		.byte	0
  89 0042 18        		.byte	24
  90 0043 18        		.byte	24
  91 0044 3C        		.byte	60
  92 0045 66        		.byte	102
  93 0046 60        		.byte	96
  94 0047 30        		.byte	48
  95 0048 18        		.byte	24
  96 0049 0C        		.byte	12
  97 004a 06        		.byte	6
  98 004b 66        		.byte	102
  99 004c 3C        		.byte	60
 100 004d 18        		.byte	24
 101 004e 18        		.byte	24
 102 004f 00        		.byte	0
 103 0050 00        		.byte	0
 104 0051 00        		.byte	0
 105 0052 00        		.byte	0
 106 0053 70        		.byte	112
 107 0054 D8        		.byte	-40
 108 0055 DA        		.byte	-38
 109 0056 76        		.byte	118
 110 0057 0C        		.byte	12
 111 0058 18        		.byte	24
 112 0059 30        		.byte	48
 113 005a 6E        		.byte	110
 114 005b 5B        		.byte	91
 115 005c 1B        		.byte	27
 116 005d 0E        		.byte	14
 117 005e 00        		.byte	0
 118 005f 00        		.byte	0
 119 0060 00        		.byte	0
 120 0061 00        		.byte	0
 121 0062 00        		.byte	0
 122 0063 00        		.byte	0
 123 0064 38        		.byte	56
 124 0065 6C        		.byte	108
 125 0066 6C        		.byte	108
 126 0067 38        		.byte	56
 127 0068 60        		.byte	96
 128 0069 6F        		.byte	111
 129 006a 66        		.byte	102
 130 006b 66        		.byte	102
 131 006c 3B        		.byte	59
 132 006d 00        		.byte	0
 133 006e 00        		.byte	0
 134 006f 00        		.byte	0
 135 0070 00        		.byte	0
 136 0071 00        		.byte	0
 137 0072 00        		.byte	0
 138 0073 00        		.byte	0
 139 0074 18        		.byte	24
 140 0075 18        		.byte	24
 141 0076 18        		.byte	24
 142 0077 00        		.byte	0
 143 0078 00        		.byte	0
 144 0079 00        		.byte	0
 145 007a 00        		.byte	0
 146 007b 00        		.byte	0
 147 007c 00        		.byte	0
 148 007d 00        		.byte	0
 149 007e 00        		.byte	0
 150 007f 00        		.byte	0
 151 0080 00        		.byte	0
 152 0081 00        		.byte	0
 153 0082 00        		.byte	0
 154 0083 00        		.byte	0
 155 0084 0C        		.byte	12
 156 0085 18        		.byte	24
 157 0086 18        		.byte	24
 158 0087 30        		.byte	48
 159 0088 30        		.byte	48
 160 0089 30        		.byte	48
 161 008a 30        		.byte	48
 162 008b 30        		.byte	48
 163 008c 18        		.byte	24
 164 008d 18        		.byte	24
 165 008e 0C        		.byte	12
 166 008f 00        		.byte	0
 167 0090 00        		.byte	0
 168 0091 00        		.byte	0
 169 0092 00        		.byte	0
 170 0093 00        		.byte	0
 171 0094 30        		.byte	48
 172 0095 18        		.byte	24
 173 0096 18        		.byte	24
 174 0097 0C        		.byte	12
 175 0098 0C        		.byte	12
 176 0099 0C        		.byte	12
 177 009a 0C        		.byte	12
 178 009b 0C        		.byte	12
 179 009c 18        		.byte	24
 180 009d 18        		.byte	24
 181 009e 30        		.byte	48
 182 009f 00        		.byte	0
 183 00a0 00        		.byte	0
 184 00a1 00        		.byte	0
 185 00a2 00        		.byte	0
 186 00a3 00        		.byte	0
 187 00a4 00        		.byte	0
 188 00a5 00        		.byte	0
 189 00a6 36        		.byte	54
 190 00a7 1C        		.byte	28
 191 00a8 7F        		.byte	127
 192 00a9 1C        		.byte	28
 193 00aa 36        		.byte	54
 194 00ab 00        		.byte	0
 195 00ac 00        		.byte	0
 196 00ad 00        		.byte	0
 197 00ae 00        		.byte	0
 198 00af 00        		.byte	0
 199 00b0 00        		.byte	0
 200 00b1 00        		.byte	0
 201 00b2 00        		.byte	0
 202 00b3 00        		.byte	0
 203 00b4 00        		.byte	0
 204 00b5 00        		.byte	0
 205 00b6 18        		.byte	24
 206 00b7 18        		.byte	24
 207 00b8 7E        		.byte	126
 208 00b9 18        		.byte	24
 209 00ba 18        		.byte	24
 210 00bb 00        		.byte	0
 211 00bc 00        		.byte	0
 212 00bd 00        		.byte	0
 213 00be 00        		.byte	0
 214 00bf 00        		.byte	0
 215 00c0 00        		.byte	0
 216 00c1 00        		.byte	0
 217 00c2 00        		.byte	0
 218 00c3 00        		.byte	0
 219 00c4 00        		.byte	0
 220 00c5 00        		.byte	0
 221 00c6 00        		.byte	0
 222 00c7 00        		.byte	0
 223 00c8 00        		.byte	0
 224 00c9 00        		.byte	0
 225 00ca 1C        		.byte	28
 226 00cb 1C        		.byte	28
 227 00cc 0C        		.byte	12
 228 00cd 18        		.byte	24
 229 00ce 00        		.byte	0
 230 00cf 00        		.byte	0
 231 00d0 00        		.byte	0
 232 00d1 00        		.byte	0
 233 00d2 00        		.byte	0
 234 00d3 00        		.byte	0
 235 00d4 00        		.byte	0
 236 00d5 00        		.byte	0
 237 00d6 00        		.byte	0
 238 00d7 7E        		.byte	126
 239 00d8 00        		.byte	0
 240 00d9 00        		.byte	0
 241 00da 00        		.byte	0
 242 00db 00        		.byte	0
 243 00dc 00        		.byte	0
 244 00dd 00        		.byte	0
 245 00de 00        		.byte	0
 246 00df 00        		.byte	0
 247 00e0 00        		.byte	0
 248 00e1 00        		.byte	0
 249 00e2 00        		.byte	0
 250 00e3 00        		.byte	0
 251 00e4 00        		.byte	0
 252 00e5 00        		.byte	0
 253 00e6 00        		.byte	0
 254 00e7 00        		.byte	0
 255 00e8 00        		.byte	0
 256 00e9 00        		.byte	0
 257 00ea 1C        		.byte	28
 258 00eb 1C        		.byte	28
 259 00ec 00        		.byte	0
 260 00ed 00        		.byte	0
 261 00ee 00        		.byte	0
 262 00ef 00        		.byte	0
 263 00f0 00        		.byte	0
 264 00f1 00        		.byte	0
 265 00f2 00        		.byte	0
 266 00f3 06        		.byte	6
 267 00f4 06        		.byte	6
 268 00f5 0C        		.byte	12
 269 00f6 0C        		.byte	12
 270 00f7 18        		.byte	24
 271 00f8 18        		.byte	24
 272 00f9 30        		.byte	48
 273 00fa 30        		.byte	48
 274 00fb 60        		.byte	96
 275 00fc 60        		.byte	96
 276 00fd 00        		.byte	0
 277 00fe 00        		.byte	0
 278 00ff 00        		.byte	0
 279 0100 00        		.byte	0
 280 0101 00        		.byte	0
 281 0102 00        		.byte	0
 282 0103 1E        		.byte	30
 283 0104 33        		.byte	51
 284 0105 37        		.byte	55
 285 0106 37        		.byte	55
 286 0107 33        		.byte	51
 287 0108 3B        		.byte	59
 288 0109 3B        		.byte	59
 289 010a 33        		.byte	51
 290 010b 1E        		.byte	30
 291 010c 00        		.byte	0
 292 010d 00        		.byte	0
 293 010e 00        		.byte	0
 294 010f 00        		.byte	0
 295 0110 00        		.byte	0
 296 0111 00        		.byte	0
 297 0112 00        		.byte	0
 298 0113 0C        		.byte	12
 299 0114 1C        		.byte	28
 300 0115 7C        		.byte	124
 301 0116 0C        		.byte	12
 302 0117 0C        		.byte	12
 303 0118 0C        		.byte	12
 304 0119 0C        		.byte	12
 305 011a 0C        		.byte	12
 306 011b 0C        		.byte	12
 307 011c 00        		.byte	0
 308 011d 00        		.byte	0
 309 011e 00        		.byte	0
 310 011f 00        		.byte	0
 311 0120 00        		.byte	0
 312 0121 00        		.byte	0
 313 0122 00        		.byte	0
 314 0123 3C        		.byte	60
 315 0124 66        		.byte	102
 316 0125 66        		.byte	102
 317 0126 06        		.byte	6
 318 0127 0C        		.byte	12
 319 0128 18        		.byte	24
 320 0129 30        		.byte	48
 321 012a 60        		.byte	96
 322 012b 7E        		.byte	126
 323 012c 00        		.byte	0
 324 012d 00        		.byte	0
 325 012e 00        		.byte	0
 326 012f 00        		.byte	0
 327 0130 00        		.byte	0
 328 0131 00        		.byte	0
 329 0132 00        		.byte	0
 330 0133 3C        		.byte	60
 331 0134 66        		.byte	102
 332 0135 66        		.byte	102
 333 0136 06        		.byte	6
 334 0137 1C        		.byte	28
 335 0138 06        		.byte	6
 336 0139 66        		.byte	102
 337 013a 66        		.byte	102
 338 013b 3C        		.byte	60
 339 013c 00        		.byte	0
 340 013d 00        		.byte	0
 341 013e 00        		.byte	0
 342 013f 00        		.byte	0
 343 0140 00        		.byte	0
 344 0141 00        		.byte	0
 345 0142 00        		.byte	0
 346 0143 30        		.byte	48
 347 0144 30        		.byte	48
 348 0145 36        		.byte	54
 349 0146 36        		.byte	54
 350 0147 36        		.byte	54
 351 0148 66        		.byte	102
 352 0149 7F        		.byte	127
 353 014a 06        		.byte	6
 354 014b 06        		.byte	6
 355 014c 00        		.byte	0
 356 014d 00        		.byte	0
 357 014e 00        		.byte	0
 358 014f 00        		.byte	0
 359 0150 00        		.byte	0
 360 0151 00        		.byte	0
 361 0152 00        		.byte	0
 362 0153 7E        		.byte	126
 363 0154 60        		.byte	96
 364 0155 60        		.byte	96
 365 0156 60        		.byte	96
 366 0157 7C        		.byte	124
 367 0158 06        		.byte	6
 368 0159 06        		.byte	6
 369 015a 0C        		.byte	12
 370 015b 78        		.byte	120
 371 015c 00        		.byte	0
 372 015d 00        		.byte	0
 373 015e 00        		.byte	0
 374 015f 00        		.byte	0
 375 0160 00        		.byte	0
 376 0161 00        		.byte	0
 377 0162 00        		.byte	0
 378 0163 1C        		.byte	28
 379 0164 18        		.byte	24
 380 0165 30        		.byte	48
 381 0166 7C        		.byte	124
 382 0167 66        		.byte	102
 383 0168 66        		.byte	102
 384 0169 66        		.byte	102
 385 016a 66        		.byte	102
 386 016b 3C        		.byte	60
 387 016c 00        		.byte	0
 388 016d 00        		.byte	0
 389 016e 00        		.byte	0
 390 016f 00        		.byte	0
 391 0170 00        		.byte	0
 392 0171 00        		.byte	0
 393 0172 00        		.byte	0
 394 0173 7E        		.byte	126
 395 0174 06        		.byte	6
 396 0175 0C        		.byte	12
 397 0176 0C        		.byte	12
 398 0177 18        		.byte	24
 399 0178 18        		.byte	24
 400 0179 30        		.byte	48
 401 017a 30        		.byte	48
 402 017b 30        		.byte	48
 403 017c 00        		.byte	0
 404 017d 00        		.byte	0
 405 017e 00        		.byte	0
 406 017f 00        		.byte	0
 407 0180 00        		.byte	0
 408 0181 00        		.byte	0
 409 0182 00        		.byte	0
 410 0183 3C        		.byte	60
 411 0184 66        		.byte	102
 412 0185 66        		.byte	102
 413 0186 76        		.byte	118
 414 0187 3C        		.byte	60
 415 0188 6E        		.byte	110
 416 0189 66        		.byte	102
 417 018a 66        		.byte	102
 418 018b 3C        		.byte	60
 419 018c 00        		.byte	0
 420 018d 00        		.byte	0
 421 018e 00        		.byte	0
 422 018f 00        		.byte	0
 423 0190 00        		.byte	0
 424 0191 00        		.byte	0
 425 0192 00        		.byte	0
 426 0193 3C        		.byte	60
 427 0194 66        		.byte	102
 428 0195 66        		.byte	102
 429 0196 66        		.byte	102
 430 0197 66        		.byte	102
 431 0198 3E        		.byte	62
 432 0199 0C        		.byte	12
 433 019a 18        		.byte	24
 434 019b 38        		.byte	56
 435 019c 00        		.byte	0
 436 019d 00        		.byte	0
 437 019e 00        		.byte	0
 438 019f 00        		.byte	0
 439 01a0 00        		.byte	0
 440 01a1 00        		.byte	0
 441 01a2 00        		.byte	0
 442 01a3 00        		.byte	0
 443 01a4 00        		.byte	0
 444 01a5 1C        		.byte	28
 445 01a6 1C        		.byte	28
 446 01a7 00        		.byte	0
 447 01a8 00        		.byte	0
 448 01a9 00        		.byte	0
 449 01aa 1C        		.byte	28
 450 01ab 1C        		.byte	28
 451 01ac 00        		.byte	0
 452 01ad 00        		.byte	0
 453 01ae 00        		.byte	0
 454 01af 00        		.byte	0
 455 01b0 00        		.byte	0
 456 01b1 00        		.byte	0
 457 01b2 00        		.byte	0
 458 01b3 00        		.byte	0
 459 01b4 00        		.byte	0
 460 01b5 1C        		.byte	28
 461 01b6 1C        		.byte	28
 462 01b7 00        		.byte	0
 463 01b8 00        		.byte	0
 464 01b9 00        		.byte	0
 465 01ba 1C        		.byte	28
 466 01bb 1C        		.byte	28
 467 01bc 0C        		.byte	12
 468 01bd 18        		.byte	24
 469 01be 00        		.byte	0
 470 01bf 00        		.byte	0
 471 01c0 00        		.byte	0
 472 01c1 00        		.byte	0
 473 01c2 00        		.byte	0
 474 01c3 06        		.byte	6
 475 01c4 0C        		.byte	12
 476 01c5 18        		.byte	24
 477 01c6 30        		.byte	48
 478 01c7 60        		.byte	96
 479 01c8 30        		.byte	48
 480 01c9 18        		.byte	24
 481 01ca 0C        		.byte	12
 482 01cb 06        		.byte	6
 483 01cc 00        		.byte	0
 484 01cd 00        		.byte	0
 485 01ce 00        		.byte	0
 486 01cf 00        		.byte	0
 487 01d0 00        		.byte	0
 488 01d1 00        		.byte	0
 489 01d2 00        		.byte	0
 490 01d3 00        		.byte	0
 491 01d4 00        		.byte	0
 492 01d5 00        		.byte	0
 493 01d6 7E        		.byte	126
 494 01d7 00        		.byte	0
 495 01d8 7E        		.byte	126
 496 01d9 00        		.byte	0
 497 01da 00        		.byte	0
 498 01db 00        		.byte	0
 499 01dc 00        		.byte	0
 500 01dd 00        		.byte	0
 501 01de 00        		.byte	0
 502 01df 00        		.byte	0
 503 01e0 00        		.byte	0
 504 01e1 00        		.byte	0
 505 01e2 00        		.byte	0
 506 01e3 60        		.byte	96
 507 01e4 30        		.byte	48
 508 01e5 18        		.byte	24
 509 01e6 0C        		.byte	12
 510 01e7 06        		.byte	6
 511 01e8 0C        		.byte	12
 512 01e9 18        		.byte	24
 513 01ea 30        		.byte	48
 514 01eb 60        		.byte	96
 515 01ec 00        		.byte	0
 516 01ed 00        		.byte	0
 517 01ee 00        		.byte	0
 518 01ef 00        		.byte	0
 519 01f0 00        		.byte	0
 520 01f1 00        		.byte	0
 521 01f2 00        		.byte	0
 522 01f3 3C        		.byte	60
 523 01f4 66        		.byte	102
 524 01f5 66        		.byte	102
 525 01f6 0C        		.byte	12
 526 01f7 18        		.byte	24
 527 01f8 18        		.byte	24
 528 01f9 00        		.byte	0
 529 01fa 18        		.byte	24
 530 01fb 18        		.byte	24
 531 01fc 00        		.byte	0
 532 01fd 00        		.byte	0
 533 01fe 00        		.byte	0
 534 01ff 00        		.byte	0
 535 0200 00        		.byte	0
 536 0201 00        		.byte	0
 537 0202 00        		.byte	0
 538 0203 7E        		.byte	126
 539 0204 C3        		.byte	-61
 540 0205 C3        		.byte	-61
 541 0206 CF        		.byte	-49
 542 0207 DB        		.byte	-37
 543 0208 DB        		.byte	-37
 544 0209 CF        		.byte	-49
 545 020a C0        		.byte	-64
 546 020b 7F        		.byte	127
 547 020c 00        		.byte	0
 548 020d 00        		.byte	0
 549 020e 00        		.byte	0
 550 020f 00        		.byte	0
 551 0210 00        		.byte	0
 552 0211 00        		.byte	0
 553 0212 00        		.byte	0
 554 0213 18        		.byte	24
 555 0214 3C        		.byte	60
 556 0215 66        		.byte	102
 557 0216 66        		.byte	102
 558 0217 66        		.byte	102
 559 0218 7E        		.byte	126
 560 0219 66        		.byte	102
 561 021a 66        		.byte	102
 562 021b 66        		.byte	102
 563 021c 00        		.byte	0
 564 021d 00        		.byte	0
 565 021e 00        		.byte	0
 566 021f 00        		.byte	0
 567 0220 00        		.byte	0
 568 0221 00        		.byte	0
 569 0222 00        		.byte	0
 570 0223 7C        		.byte	124
 571 0224 66        		.byte	102
 572 0225 66        		.byte	102
 573 0226 66        		.byte	102
 574 0227 7C        		.byte	124
 575 0228 66        		.byte	102
 576 0229 66        		.byte	102
 577 022a 66        		.byte	102
 578 022b 7C        		.byte	124
 579 022c 00        		.byte	0
 580 022d 00        		.byte	0
 581 022e 00        		.byte	0
 582 022f 00        		.byte	0
 583 0230 00        		.byte	0
 584 0231 00        		.byte	0
 585 0232 00        		.byte	0
 586 0233 3C        		.byte	60
 587 0234 66        		.byte	102
 588 0235 66        		.byte	102
 589 0236 60        		.byte	96
 590 0237 60        		.byte	96
 591 0238 60        		.byte	96
 592 0239 66        		.byte	102
 593 023a 66        		.byte	102
 594 023b 3C        		.byte	60
 595 023c 00        		.byte	0
 596 023d 00        		.byte	0
 597 023e 00        		.byte	0
 598 023f 00        		.byte	0
 599 0240 00        		.byte	0
 600 0241 00        		.byte	0
 601 0242 00        		.byte	0
 602 0243 78        		.byte	120
 603 0244 6C        		.byte	108
 604 0245 66        		.byte	102
 605 0246 66        		.byte	102
 606 0247 66        		.byte	102
 607 0248 66        		.byte	102
 608 0249 66        		.byte	102
 609 024a 6C        		.byte	108
 610 024b 78        		.byte	120
 611 024c 00        		.byte	0
 612 024d 00        		.byte	0
 613 024e 00        		.byte	0
 614 024f 00        		.byte	0
 615 0250 00        		.byte	0
 616 0251 00        		.byte	0
 617 0252 00        		.byte	0
 618 0253 7E        		.byte	126
 619 0254 60        		.byte	96
 620 0255 60        		.byte	96
 621 0256 60        		.byte	96
 622 0257 7C        		.byte	124
 623 0258 60        		.byte	96
 624 0259 60        		.byte	96
 625 025a 60        		.byte	96
 626 025b 7E        		.byte	126
 627 025c 00        		.byte	0
 628 025d 00        		.byte	0
 629 025e 00        		.byte	0
 630 025f 00        		.byte	0
 631 0260 00        		.byte	0
 632 0261 00        		.byte	0
 633 0262 00        		.byte	0
 634 0263 7E        		.byte	126
 635 0264 60        		.byte	96
 636 0265 60        		.byte	96
 637 0266 60        		.byte	96
 638 0267 7C        		.byte	124
 639 0268 60        		.byte	96
 640 0269 60        		.byte	96
 641 026a 60        		.byte	96
 642 026b 60        		.byte	96
 643 026c 00        		.byte	0
 644 026d 00        		.byte	0
 645 026e 00        		.byte	0
 646 026f 00        		.byte	0
 647 0270 00        		.byte	0
 648 0271 00        		.byte	0
 649 0272 00        		.byte	0
 650 0273 3C        		.byte	60
 651 0274 66        		.byte	102
 652 0275 66        		.byte	102
 653 0276 60        		.byte	96
 654 0277 60        		.byte	96
 655 0278 6E        		.byte	110
 656 0279 66        		.byte	102
 657 027a 66        		.byte	102
 658 027b 3E        		.byte	62
 659 027c 00        		.byte	0
 660 027d 00        		.byte	0
 661 027e 00        		.byte	0
 662 027f 00        		.byte	0
 663 0280 00        		.byte	0
 664 0281 00        		.byte	0
 665 0282 00        		.byte	0
 666 0283 66        		.byte	102
 667 0284 66        		.byte	102
 668 0285 66        		.byte	102
 669 0286 66        		.byte	102
 670 0287 7E        		.byte	126
 671 0288 66        		.byte	102
 672 0289 66        		.byte	102
 673 028a 66        		.byte	102
 674 028b 66        		.byte	102
 675 028c 00        		.byte	0
 676 028d 00        		.byte	0
 677 028e 00        		.byte	0
 678 028f 00        		.byte	0
 679 0290 00        		.byte	0
 680 0291 00        		.byte	0
 681 0292 00        		.byte	0
 682 0293 3C        		.byte	60
 683 0294 18        		.byte	24
 684 0295 18        		.byte	24
 685 0296 18        		.byte	24
 686 0297 18        		.byte	24
 687 0298 18        		.byte	24
 688 0299 18        		.byte	24
 689 029a 18        		.byte	24
 690 029b 3C        		.byte	60
 691 029c 00        		.byte	0
 692 029d 00        		.byte	0
 693 029e 00        		.byte	0
 694 029f 00        		.byte	0
 695 02a0 00        		.byte	0
 696 02a1 00        		.byte	0
 697 02a2 00        		.byte	0
 698 02a3 3C        		.byte	60
 699 02a4 66        		.byte	102
 700 02a5 66        		.byte	102
 701 02a6 60        		.byte	96
 702 02a7 60        		.byte	96
 703 02a8 6E        		.byte	110
 704 02a9 66        		.byte	102
 705 02aa 66        		.byte	102
 706 02ab 3E        		.byte	62
 707 02ac 00        		.byte	0
 708 02ad 00        		.byte	0
 709 02ae 00        		.byte	0
 710 02af 00        		.byte	0
 711 02b0 00        		.byte	0
 712 02b1 00        		.byte	0
 713 02b2 00        		.byte	0
 714 02b3 66        		.byte	102
 715 02b4 66        		.byte	102
 716 02b5 6C        		.byte	108
 717 02b6 6C        		.byte	108
 718 02b7 78        		.byte	120
 719 02b8 6C        		.byte	108
 720 02b9 6C        		.byte	108
 721 02ba 66        		.byte	102
 722 02bb 66        		.byte	102
 723 02bc 00        		.byte	0
 724 02bd 00        		.byte	0
 725 02be 00        		.byte	0
 726 02bf 00        		.byte	0
 727 02c0 00        		.byte	0
 728 02c1 00        		.byte	0
 729 02c2 00        		.byte	0
 730 02c3 60        		.byte	96
 731 02c4 60        		.byte	96
 732 02c5 60        		.byte	96
 733 02c6 60        		.byte	96
 734 02c7 60        		.byte	96
 735 02c8 60        		.byte	96
 736 02c9 60        		.byte	96
 737 02ca 60        		.byte	96
 738 02cb 7E        		.byte	126
 739 02cc 00        		.byte	0
 740 02cd 00        		.byte	0
 741 02ce 00        		.byte	0
 742 02cf 00        		.byte	0
 743 02d0 00        		.byte	0
 744 02d1 00        		.byte	0
 745 02d2 00        		.byte	0
 746 02d3 63        		.byte	99
 747 02d4 63        		.byte	99
 748 02d5 77        		.byte	119
 749 02d6 6B        		.byte	107
 750 02d7 6B        		.byte	107
 751 02d8 6B        		.byte	107
 752 02d9 63        		.byte	99
 753 02da 63        		.byte	99
 754 02db 63        		.byte	99
 755 02dc 00        		.byte	0
 756 02dd 00        		.byte	0
 757 02de 00        		.byte	0
 758 02df 00        		.byte	0
 759 02e0 00        		.byte	0
 760 02e1 00        		.byte	0
 761 02e2 00        		.byte	0
 762 02e3 63        		.byte	99
 763 02e4 63        		.byte	99
 764 02e5 73        		.byte	115
 765 02e6 7B        		.byte	123
 766 02e7 6F        		.byte	111
 767 02e8 67        		.byte	103
 768 02e9 63        		.byte	99
 769 02ea 63        		.byte	99
 770 02eb 63        		.byte	99
 771 02ec 00        		.byte	0
 772 02ed 00        		.byte	0
 773 02ee 00        		.byte	0
 774 02ef 00        		.byte	0
 775 02f0 00        		.byte	0
 776 02f1 00        		.byte	0
 777 02f2 00        		.byte	0
 778 02f3 3C        		.byte	60
 779 02f4 66        		.byte	102
 780 02f5 66        		.byte	102
 781 02f6 66        		.byte	102
 782 02f7 66        		.byte	102
 783 02f8 66        		.byte	102
 784 02f9 66        		.byte	102
 785 02fa 66        		.byte	102
 786 02fb 3C        		.byte	60
 787 02fc 00        		.byte	0
 788 02fd 00        		.byte	0
 789 02fe 00        		.byte	0
 790 02ff 00        		.byte	0
 791 0300 00        		.byte	0
 792 0301 00        		.byte	0
 793 0302 00        		.byte	0
 794 0303 7C        		.byte	124
 795 0304 66        		.byte	102
 796 0305 66        		.byte	102
 797 0306 66        		.byte	102
 798 0307 7C        		.byte	124
 799 0308 60        		.byte	96
 800 0309 60        		.byte	96
 801 030a 60        		.byte	96
 802 030b 60        		.byte	96
 803 030c 00        		.byte	0
 804 030d 00        		.byte	0
 805 030e 00        		.byte	0
 806 030f 00        		.byte	0
 807 0310 00        		.byte	0
 808 0311 00        		.byte	0
 809 0312 00        		.byte	0
 810 0313 3C        		.byte	60
 811 0314 66        		.byte	102
 812 0315 66        		.byte	102
 813 0316 66        		.byte	102
 814 0317 66        		.byte	102
 815 0318 66        		.byte	102
 816 0319 66        		.byte	102
 817 031a 66        		.byte	102
 818 031b 3C        		.byte	60
 819 031c 0C        		.byte	12
 820 031d 06        		.byte	6
 821 031e 00        		.byte	0
 822 031f 00        		.byte	0
 823 0320 00        		.byte	0
 824 0321 00        		.byte	0
 825 0322 00        		.byte	0
 826 0323 7C        		.byte	124
 827 0324 66        		.byte	102
 828 0325 66        		.byte	102
 829 0326 66        		.byte	102
 830 0327 7C        		.byte	124
 831 0328 6C        		.byte	108
 832 0329 66        		.byte	102
 833 032a 66        		.byte	102
 834 032b 66        		.byte	102
 835 032c 00        		.byte	0
 836 032d 00        		.byte	0
 837 032e 00        		.byte	0
 838 032f 00        		.byte	0
 839 0330 00        		.byte	0
 840 0331 00        		.byte	0
 841 0332 00        		.byte	0
 842 0333 3C        		.byte	60
 843 0334 66        		.byte	102
 844 0335 60        		.byte	96
 845 0336 30        		.byte	48
 846 0337 18        		.byte	24
 847 0338 0C        		.byte	12
 848 0339 06        		.byte	6
 849 033a 66        		.byte	102
 850 033b 3C        		.byte	60
 851 033c 00        		.byte	0
 852 033d 00        		.byte	0
 853 033e 00        		.byte	0
 854 033f 00        		.byte	0
 855 0340 00        		.byte	0
 856 0341 00        		.byte	0
 857 0342 00        		.byte	0
 858 0343 7E        		.byte	126
 859 0344 18        		.byte	24
 860 0345 18        		.byte	24
 861 0346 18        		.byte	24
 862 0347 18        		.byte	24
 863 0348 18        		.byte	24
 864 0349 18        		.byte	24
 865 034a 18        		.byte	24
 866 034b 18        		.byte	24
 867 034c 00        		.byte	0
 868 034d 00        		.byte	0
 869 034e 00        		.byte	0
 870 034f 00        		.byte	0
 871 0350 00        		.byte	0
 872 0351 00        		.byte	0
 873 0352 00        		.byte	0
 874 0353 66        		.byte	102
 875 0354 66        		.byte	102
 876 0355 66        		.byte	102
 877 0356 66        		.byte	102
 878 0357 66        		.byte	102
 879 0358 66        		.byte	102
 880 0359 66        		.byte	102
 881 035a 66        		.byte	102
 882 035b 3C        		.byte	60
 883 035c 00        		.byte	0
 884 035d 00        		.byte	0
 885 035e 00        		.byte	0
 886 035f 00        		.byte	0
 887 0360 00        		.byte	0
 888 0361 00        		.byte	0
 889 0362 00        		.byte	0
 890 0363 66        		.byte	102
 891 0364 66        		.byte	102
 892 0365 66        		.byte	102
 893 0366 66        		.byte	102
 894 0367 66        		.byte	102
 895 0368 66        		.byte	102
 896 0369 66        		.byte	102
 897 036a 3C        		.byte	60
 898 036b 18        		.byte	24
 899 036c 00        		.byte	0
 900 036d 00        		.byte	0
 901 036e 00        		.byte	0
 902 036f 00        		.byte	0
 903 0370 00        		.byte	0
 904 0371 00        		.byte	0
 905 0372 00        		.byte	0
 906 0373 63        		.byte	99
 907 0374 63        		.byte	99
 908 0375 63        		.byte	99
 909 0376 6B        		.byte	107
 910 0377 6B        		.byte	107
 911 0378 6B        		.byte	107
 912 0379 36        		.byte	54
 913 037a 36        		.byte	54
 914 037b 36        		.byte	54
 915 037c 00        		.byte	0
 916 037d 00        		.byte	0
 917 037e 00        		.byte	0
 918 037f 00        		.byte	0
 919 0380 00        		.byte	0
 920 0381 00        		.byte	0
 921 0382 00        		.byte	0
 922 0383 66        		.byte	102
 923 0384 66        		.byte	102
 924 0385 34        		.byte	52
 925 0386 18        		.byte	24
 926 0387 18        		.byte	24
 927 0388 2C        		.byte	44
 928 0389 66        		.byte	102
 929 038a 66        		.byte	102
 930 038b 66        		.byte	102
 931 038c 00        		.byte	0
 932 038d 00        		.byte	0
 933 038e 00        		.byte	0
 934 038f 00        		.byte	0
 935 0390 00        		.byte	0
 936 0391 00        		.byte	0
 937 0392 00        		.byte	0
 938 0393 66        		.byte	102
 939 0394 66        		.byte	102
 940 0395 66        		.byte	102
 941 0396 66        		.byte	102
 942 0397 3C        		.byte	60
 943 0398 18        		.byte	24
 944 0399 18        		.byte	24
 945 039a 18        		.byte	24
 946 039b 18        		.byte	24
 947 039c 00        		.byte	0
 948 039d 00        		.byte	0
 949 039e 00        		.byte	0
 950 039f 00        		.byte	0
 951 03a0 00        		.byte	0
 952 03a1 00        		.byte	0
 953 03a2 00        		.byte	0
 954 03a3 7E        		.byte	126
 955 03a4 06        		.byte	6
 956 03a5 06        		.byte	6
 957 03a6 0C        		.byte	12
 958 03a7 18        		.byte	24
 959 03a8 30        		.byte	48
 960 03a9 60        		.byte	96
 961 03aa 60        		.byte	96
 962 03ab 7E        		.byte	126
 963 03ac 00        		.byte	0
 964 03ad 00        		.byte	0
 965 03ae 00        		.byte	0
 966 03af 00        		.byte	0
 967 03b0 00        		.byte	0
 968 03b1 00        		.byte	0
 969 03b2 00        		.byte	0
 970 03b3 3C        		.byte	60
 971 03b4 30        		.byte	48
 972 03b5 30        		.byte	48
 973 03b6 30        		.byte	48
 974 03b7 30        		.byte	48
 975 03b8 30        		.byte	48
 976 03b9 30        		.byte	48
 977 03ba 30        		.byte	48
 978 03bb 30        		.byte	48
 979 03bc 30        		.byte	48
 980 03bd 30        		.byte	48
 981 03be 3C        		.byte	60
 982 03bf 00        		.byte	0
 983 03c0 00        		.byte	0
 984 03c1 00        		.byte	0
 985 03c2 00        		.byte	0
 986 03c3 60        		.byte	96
 987 03c4 60        		.byte	96
 988 03c5 30        		.byte	48
 989 03c6 30        		.byte	48
 990 03c7 18        		.byte	24
 991 03c8 18        		.byte	24
 992 03c9 0C        		.byte	12
 993 03ca 0C        		.byte	12
 994 03cb 06        		.byte	6
 995 03cc 06        		.byte	6
 996 03cd 00        		.byte	0
 997 03ce 00        		.byte	0
 998 03cf 00        		.byte	0
 999 03d0 00        		.byte	0
 1000 03d1 00        		.byte	0
 1001 03d2 00        		.byte	0
 1002 03d3 3C        		.byte	60
 1003 03d4 0C        		.byte	12
 1004 03d5 0C        		.byte	12
 1005 03d6 0C        		.byte	12
 1006 03d7 0C        		.byte	12
 1007 03d8 0C        		.byte	12
 1008 03d9 0C        		.byte	12
 1009 03da 0C        		.byte	12
 1010 03db 0C        		.byte	12
 1011 03dc 0C        		.byte	12
 1012 03dd 0C        		.byte	12
 1013 03de 3C        		.byte	60
 1014 03df 00        		.byte	0
 1015 03e0 00        		.byte	0
 1016 03e1 18        		.byte	24
 1017 03e2 3C        		.byte	60
 1018 03e3 66        		.byte	102
 1019 03e4 00        		.byte	0
 1020 03e5 00        		.byte	0
 1021 03e6 00        		.byte	0
 1022 03e7 00        		.byte	0
 1023 03e8 00        		.byte	0
 1024 03e9 00        		.byte	0
 1025 03ea 00        		.byte	0
 1026 03eb 00        		.byte	0
 1027 03ec 00        		.byte	0
 1028 03ed 00        		.byte	0
 1029 03ee 00        		.byte	0
 1030 03ef 00        		.byte	0
 1031 03f0 00        		.byte	0
 1032 03f1 00        		.byte	0
 1033 03f2 00        		.byte	0
 1034 03f3 00        		.byte	0
 1035 03f4 00        		.byte	0
 1036 03f5 00        		.byte	0
 1037 03f6 00        		.byte	0
 1038 03f7 00        		.byte	0
 1039 03f8 00        		.byte	0
 1040 03f9 00        		.byte	0
 1041 03fa 00        		.byte	0
 1042 03fb 00        		.byte	0
 1043 03fc 00        		.byte	0
 1044 03fd 00        		.byte	0
 1045 03fe FF        		.byte	-1
 1046 03ff 00        		.byte	0
 1047 0400 00        		.byte	0
 1048 0401 38        		.byte	56
 1049 0402 18        		.byte	24
 1050 0403 0C        		.byte	12
 1051 0404 00        		.byte	0
 1052 0405 00        		.byte	0
 1053 0406 00        		.byte	0
 1054 0407 00        		.byte	0
 1055 0408 00        		.byte	0
 1056 0409 00        		.byte	0
 1057 040a 00        		.byte	0
 1058 040b 00        		.byte	0
 1059 040c 00        		.byte	0
 1060 040d 00        		.byte	0
 1061 040e 00        		.byte	0
 1062 040f 00        		.byte	0
 1063 0410 00        		.byte	0
 1064 0411 00        		.byte	0
 1065 0412 00        		.byte	0
 1066 0413 00        		.byte	0
 1067 0414 00        		.byte	0
 1068 0415 3C        		.byte	60
 1069 0416 06        		.byte	6
 1070 0417 06        		.byte	6
 1071 0418 3E        		.byte	62
 1072 0419 66        		.byte	102
 1073 041a 66        		.byte	102
 1074 041b 3E        		.byte	62
 1075 041c 00        		.byte	0
 1076 041d 00        		.byte	0
 1077 041e 00        		.byte	0
 1078 041f 00        		.byte	0
 1079 0420 00        		.byte	0
 1080 0421 00        		.byte	0
 1081 0422 00        		.byte	0
 1082 0423 60        		.byte	96
 1083 0424 60        		.byte	96
 1084 0425 7C        		.byte	124
 1085 0426 66        		.byte	102
 1086 0427 66        		.byte	102
 1087 0428 66        		.byte	102
 1088 0429 66        		.byte	102
 1089 042a 66        		.byte	102
 1090 042b 7C        		.byte	124
 1091 042c 00        		.byte	0
 1092 042d 00        		.byte	0
 1093 042e 00        		.byte	0
 1094 042f 00        		.byte	0
 1095 0430 00        		.byte	0
 1096 0431 00        		.byte	0
 1097 0432 00        		.byte	0
 1098 0433 00        		.byte	0
 1099 0434 00        		.byte	0
 1100 0435 3C        		.byte	60
 1101 0436 66        		.byte	102
 1102 0437 60        		.byte	96
 1103 0438 60        		.byte	96
 1104 0439 60        		.byte	96
 1105 043a 66        		.byte	102
 1106 043b 3C        		.byte	60
 1107 043c 00        		.byte	0
 1108 043d 00        		.byte	0
 1109 043e 00        		.byte	0
 1110 043f 00        		.byte	0
 1111 0440 00        		.byte	0
 1112 0441 00        		.byte	0
 1113 0442 00        		.byte	0
 1114 0443 06        		.byte	6
 1115 0444 06        		.byte	6
 1116 0445 3E        		.byte	62
 1117 0446 66        		.byte	102
 1118 0447 66        		.byte	102
 1119 0448 66        		.byte	102
 1120 0449 66        		.byte	102
 1121 044a 66        		.byte	102
 1122 044b 3E        		.byte	62
 1123 044c 00        		.byte	0
 1124 044d 00        		.byte	0
 1125 044e 00        		.byte	0
 1126 044f 00        		.byte	0
 1127 0450 00        		.byte	0
 1128 0451 00        		.byte	0
 1129 0452 00        		.byte	0
 1130 0453 00        		.byte	0
 1131 0454 00        		.byte	0
 1132 0455 3C        		.byte	60
 1133 0456 66        		.byte	102
 1134 0457 66        		.byte	102
 1135 0458 7E        		.byte	126
 1136 0459 60        		.byte	96
 1137 045a 60        		.byte	96
 1138 045b 3C        		.byte	60
 1139 045c 00        		.byte	0
 1140 045d 00        		.byte	0
 1141 045e 00        		.byte	0
 1142 045f 00        		.byte	0
 1143 0460 00        		.byte	0
 1144 0461 00        		.byte	0
 1145 0462 00        		.byte	0
 1146 0463 1E        		.byte	30
 1147 0464 30        		.byte	48
 1148 0465 30        		.byte	48
 1149 0466 30        		.byte	48
 1150 0467 7E        		.byte	126
 1151 0468 30        		.byte	48
 1152 0469 30        		.byte	48
 1153 046a 30        		.byte	48
 1154 046b 30        		.byte	48
 1155 046c 00        		.byte	0
 1156 046d 00        		.byte	0
 1157 046e 00        		.byte	0
 1158 046f 00        		.byte	0
 1159 0470 00        		.byte	0
 1160 0471 00        		.byte	0
 1161 0472 00        		.byte	0
 1162 0473 00        		.byte	0
 1163 0474 00        		.byte	0
 1164 0475 3E        		.byte	62
 1165 0476 66        		.byte	102
 1166 0477 66        		.byte	102
 1167 0478 66        		.byte	102
 1168 0479 66        		.byte	102
 1169 047a 66        		.byte	102
 1170 047b 3E        		.byte	62
 1171 047c 06        		.byte	6
 1172 047d 06        		.byte	6
 1173 047e 7C        		.byte	124
 1174 047f 00        		.byte	0
 1175 0480 00        		.byte	0
 1176 0481 00        		.byte	0
 1177 0482 00        		.byte	0
 1178 0483 60        		.byte	96
 1179 0484 60        		.byte	96
 1180 0485 7C        		.byte	124
 1181 0486 66        		.byte	102
 1182 0487 66        		.byte	102
 1183 0488 66        		.byte	102
 1184 0489 66        		.byte	102
 1185 048a 66        		.byte	102
 1186 048b 66        		.byte	102
 1187 048c 00        		.byte	0
 1188 048d 00        		.byte	0
 1189 048e 00        		.byte	0
 1190 048f 00        		.byte	0
 1191 0490 00        		.byte	0
 1192 0491 00        		.byte	0
 1193 0492 18        		.byte	24
 1194 0493 18        		.byte	24
 1195 0494 00        		.byte	0
 1196 0495 78        		.byte	120
 1197 0496 18        		.byte	24
 1198 0497 18        		.byte	24
 1199 0498 18        		.byte	24
 1200 0499 18        		.byte	24
 1201 049a 18        		.byte	24
 1202 049b 7E        		.byte	126
 1203 049c 00        		.byte	0
 1204 049d 00        		.byte	0
 1205 049e 00        		.byte	0
 1206 049f 00        		.byte	0
 1207 04a0 00        		.byte	0
 1208 04a1 00        		.byte	0
 1209 04a2 0C        		.byte	12
 1210 04a3 0C        		.byte	12
 1211 04a4 00        		.byte	0
 1212 04a5 3C        		.byte	60
 1213 04a6 0C        		.byte	12
 1214 04a7 0C        		.byte	12
 1215 04a8 0C        		.byte	12
 1216 04a9 0C        		.byte	12
 1217 04aa 0C        		.byte	12
 1218 04ab 0C        		.byte	12
 1219 04ac 0C        		.byte	12
 1220 04ad 0C        		.byte	12
 1221 04ae 78        		.byte	120
 1222 04af 00        		.byte	0
 1223 04b0 00        		.byte	0
 1224 04b1 00        		.byte	0
 1225 04b2 00        		.byte	0
 1226 04b3 60        		.byte	96
 1227 04b4 60        		.byte	96
 1228 04b5 66        		.byte	102
 1229 04b6 66        		.byte	102
 1230 04b7 6C        		.byte	108
 1231 04b8 78        		.byte	120
 1232 04b9 6C        		.byte	108
 1233 04ba 66        		.byte	102
 1234 04bb 66        		.byte	102
 1235 04bc 00        		.byte	0
 1236 04bd 00        		.byte	0
 1237 04be 00        		.byte	0
 1238 04bf 00        		.byte	0
 1239 04c0 00        		.byte	0
 1240 04c1 00        		.byte	0
 1241 04c2 00        		.byte	0
 1242 04c3 78        		.byte	120
 1243 04c4 18        		.byte	24
 1244 04c5 18        		.byte	24
 1245 04c6 18        		.byte	24
 1246 04c7 18        		.byte	24
 1247 04c8 18        		.byte	24
 1248 04c9 18        		.byte	24
 1249 04ca 18        		.byte	24
 1250 04cb 7E        		.byte	126
 1251 04cc 00        		.byte	0
 1252 04cd 00        		.byte	0
 1253 04ce 00        		.byte	0
 1254 04cf 00        		.byte	0
 1255 04d0 00        		.byte	0
 1256 04d1 00        		.byte	0
 1257 04d2 00        		.byte	0
 1258 04d3 00        		.byte	0
 1259 04d4 00        		.byte	0
 1260 04d5 7E        		.byte	126
 1261 04d6 6B        		.byte	107
 1262 04d7 6B        		.byte	107
 1263 04d8 6B        		.byte	107
 1264 04d9 6B        		.byte	107
 1265 04da 6B        		.byte	107
 1266 04db 63        		.byte	99
 1267 04dc 00        		.byte	0
 1268 04dd 00        		.byte	0
 1269 04de 00        		.byte	0
 1270 04df 00        		.byte	0
 1271 04e0 00        		.byte	0
 1272 04e1 00        		.byte	0
 1273 04e2 00        		.byte	0
 1274 04e3 00        		.byte	0
 1275 04e4 00        		.byte	0
 1276 04e5 7C        		.byte	124
 1277 04e6 66        		.byte	102
 1278 04e7 66        		.byte	102
 1279 04e8 66        		.byte	102
 1280 04e9 66        		.byte	102
 1281 04ea 66        		.byte	102
 1282 04eb 66        		.byte	102
 1283 04ec 00        		.byte	0
 1284 04ed 00        		.byte	0
 1285 04ee 00        		.byte	0
 1286 04ef 00        		.byte	0
 1287 04f0 00        		.byte	0
 1288 04f1 00        		.byte	0
 1289 04f2 00        		.byte	0
 1290 04f3 00        		.byte	0
 1291 04f4 00        		.byte	0
 1292 04f5 3C        		.byte	60
 1293 04f6 66        		.byte	102
 1294 04f7 66        		.byte	102
 1295 04f8 66        		.byte	102
 1296 04f9 66        		.byte	102
 1297 04fa 66        		.byte	102
 1298 04fb 3C        		.byte	60
 1299 04fc 00        		.byte	0
 1300 04fd 00        		.byte	0
 1301 04fe 00        		.byte	0
 1302 04ff 00        		.byte	0
 1303 0500 00        		.byte	0
 1304 0501 00        		.byte	0
 1305 0502 00        		.byte	0
 1306 0503 00        		.byte	0
 1307 0504 00        		.byte	0
 1308 0505 7C        		.byte	124
 1309 0506 66        		.byte	102
 1310 0507 66        		.byte	102
 1311 0508 66        		.byte	102
 1312 0509 66        		.byte	102
 1313 050a 66        		.byte	102
 1314 050b 7C        		.byte	124
 1315 050c 60        		.byte	96
 1316 050d 60        		.byte	96
 1317 050e 60        		.byte	96
 1318 050f 00        		.byte	0
 1319 0510 00        		.byte	0
 1320 0511 00        		.byte	0
 1321 0512 00        		.byte	0
 1322 0513 00        		.byte	0
 1323 0514 00        		.byte	0
 1324 0515 3E        		.byte	62
 1325 0516 66        		.byte	102
 1326 0517 66        		.byte	102
 1327 0518 66        		.byte	102
 1328 0519 66        		.byte	102
 1329 051a 66        		.byte	102
 1330 051b 3E        		.byte	62
 1331 051c 06        		.byte	6
 1332 051d 06        		.byte	6
 1333 051e 06        		.byte	6
 1334 051f 00        		.byte	0
 1335 0520 00        		.byte	0
 1336 0521 00        		.byte	0
 1337 0522 00        		.byte	0
 1338 0523 00        		.byte	0
 1339 0524 00        		.byte	0
 1340 0525 66        		.byte	102
 1341 0526 6E        		.byte	110
 1342 0527 70        		.byte	112
 1343 0528 60        		.byte	96
 1344 0529 60        		.byte	96
 1345 052a 60        		.byte	96
 1346 052b 60        		.byte	96
 1347 052c 00        		.byte	0
 1348 052d 00        		.byte	0
 1349 052e 00        		.byte	0
 1350 052f 00        		.byte	0
 1351 0530 00        		.byte	0
 1352 0531 00        		.byte	0
 1353 0532 00        		.byte	0
 1354 0533 00        		.byte	0
 1355 0534 00        		.byte	0
 1356 0535 3E        		.byte	62
 1357 0536 60        		.byte	96
 1358 0537 60        		.byte	96
 1359 0538 3C        		.byte	60
 1360 0539 06        		.byte	6
 1361 053a 06        		.byte	6
 1362 053b 7C        		.byte	124
 1363 053c 00        		.byte	0
 1364 053d 00        		.byte	0
 1365 053e 00        		.byte	0
 1366 053f 00        		.byte	0
 1367 0540 00        		.byte	0
 1368 0541 00        		.byte	0
 1369 0542 00        		.byte	0
 1370 0543 30        		.byte	48
 1371 0544 30        		.byte	48
 1372 0545 7E        		.byte	126
 1373 0546 30        		.byte	48
 1374 0547 30        		.byte	48
 1375 0548 30        		.byte	48
 1376 0549 30        		.byte	48
 1377 054a 30        		.byte	48
 1378 054b 1E        		.byte	30
 1379 054c 00        		.byte	0
 1380 054d 00        		.byte	0
 1381 054e 00        		.byte	0
 1382 054f 00        		.byte	0
 1383 0550 00        		.byte	0
 1384 0551 00        		.byte	0
 1385 0552 00        		.byte	0
 1386 0553 00        		.byte	0
 1387 0554 00        		.byte	0
 1388 0555 66        		.byte	102
 1389 0556 66        		.byte	102
 1390 0557 66        		.byte	102
 1391 0558 66        		.byte	102
 1392 0559 66        		.byte	102
 1393 055a 66        		.byte	102
 1394 055b 3E        		.byte	62
 1395 055c 00        		.byte	0
 1396 055d 00        		.byte	0
 1397 055e 00        		.byte	0
 1398 055f 00        		.byte	0
 1399 0560 00        		.byte	0
 1400 0561 00        		.byte	0
 1401 0562 00        		.byte	0
 1402 0563 00        		.byte	0
 1403 0564 00        		.byte	0
 1404 0565 66        		.byte	102
 1405 0566 66        		.byte	102
 1406 0567 66        		.byte	102
 1407 0568 66        		.byte	102
 1408 0569 66        		.byte	102
 1409 056a 3C        		.byte	60
 1410 056b 18        		.byte	24
 1411 056c 00        		.byte	0
 1412 056d 00        		.byte	0
 1413 056e 00        		.byte	0
 1414 056f 00        		.byte	0
 1415 0570 00        		.byte	0
 1416 0571 00        		.byte	0
 1417 0572 00        		.byte	0
 1418 0573 00        		.byte	0
 1419 0574 00        		.byte	0
 1420 0575 63        		.byte	99
 1421 0576 6B        		.byte	107
 1422 0577 6B        		.byte	107
 1423 0578 6B        		.byte	107
 1424 0579 6B        		.byte	107
 1425 057a 36        		.byte	54
 1426 057b 36        		.byte	54
 1427 057c 00        		.byte	0
 1428 057d 00        		.byte	0
 1429 057e 00        		.byte	0
 1430 057f 00        		.byte	0
 1431 0580 00        		.byte	0
 1432 0581 00        		.byte	0
 1433 0582 00        		.byte	0
 1434 0583 00        		.byte	0
 1435 0584 00        		.byte	0
 1436 0585 66        		.byte	102
 1437 0586 66        		.byte	102
 1438 0587 3C        		.byte	60
 1439 0588 18        		.byte	24
 1440 0589 3C        		.byte	60
 1441 058a 66        		.byte	102
 1442 058b 66        		.byte	102
 1443 058c 00        		.byte	0
 1444 058d 00        		.byte	0
 1445 058e 00        		.byte	0
 1446 058f 00        		.byte	0
 1447 0590 00        		.byte	0
 1448 0591 00        		.byte	0
 1449 0592 00        		.byte	0
 1450 0593 00        		.byte	0
 1451 0594 00        		.byte	0
 1452 0595 66        		.byte	102
 1453 0596 66        		.byte	102
 1454 0597 66        		.byte	102
 1455 0598 66        		.byte	102
 1456 0599 66        		.byte	102
 1457 059a 66        		.byte	102
 1458 059b 3C        		.byte	60
 1459 059c 0C        		.byte	12
 1460 059d 18        		.byte	24
 1461 059e F0        		.byte	-16
 1462 059f 00        		.byte	0
 1463 05a0 00        		.byte	0
 1464 05a1 00        		.byte	0
 1465 05a2 00        		.byte	0
 1466 05a3 00        		.byte	0
 1467 05a4 00        		.byte	0
 1468 05a5 7E        		.byte	126
 1469 05a6 06        		.byte	6
 1470 05a7 0C        		.byte	12
 1471 05a8 18        		.byte	24
 1472 05a9 30        		.byte	48
 1473 05aa 60        		.byte	96
 1474 05ab 7E        		.byte	126
 1475 05ac 00        		.byte	0
 1476 05ad 00        		.byte	0
 1477 05ae 00        		.byte	0
 1478 05af 00        		.byte	0
 1479 05b0 00        		.byte	0
 1480 05b1 00        		.byte	0
 1481 05b2 00        		.byte	0
 1482 05b3 0C        		.byte	12
 1483 05b4 18        		.byte	24
 1484 05b5 18        		.byte	24
 1485 05b6 18        		.byte	24
 1486 05b7 30        		.byte	48
 1487 05b8 60        		.byte	96
 1488 05b9 30        		.byte	48
 1489 05ba 18        		.byte	24
 1490 05bb 18        		.byte	24
 1491 05bc 18        		.byte	24
 1492 05bd 0C        		.byte	12
 1493 05be 00        		.byte	0
 1494 05bf 00        		.byte	0
 1495 05c0 00        		.byte	0
 1496 05c1 00        		.byte	0
 1497 05c2 00        		.byte	0
 1498 05c3 18        		.byte	24
 1499 05c4 18        		.byte	24
 1500 05c5 18        		.byte	24
 1501 05c6 18        		.byte	24
 1502 05c7 18        		.byte	24
 1503 05c8 18        		.byte	24
 1504 05c9 18        		.byte	24
 1505 05ca 18        		.byte	24
 1506 05cb 18        		.byte	24
 1507 05cc 18        		.byte	24
 1508 05cd 18        		.byte	24
 1509 05ce 18        		.byte	24
 1510 05cf 00        		.byte	0
 1511 05d0 00        		.byte	0
 1512 05d1 00        		.byte	0
 1513 05d2 00        		.byte	0
 1514 05d3 30        		.byte	48
 1515 05d4 18        		.byte	24
 1516 05d5 18        		.byte	24
 1517 05d6 18        		.byte	24
 1518 05d7 0C        		.byte	12
 1519 05d8 06        		.byte	6
 1520 05d9 0C        		.byte	12
 1521 05da 18        		.byte	24
 1522 05db 18        		.byte	24
 1523 05dc 18        		.byte	24
 1524 05dd 30        		.byte	48
 1525 05de 00        		.byte	0
 1526 05df 00        		.byte	0
 1527 05e0 00        		.byte	0
 1528 05e1 00        		.byte	0
 1529 05e2 00        		.byte	0
 1530 05e3 71        		.byte	113
 1531 05e4 DB        		.byte	-37
 1532 05e5 8E        		.byte	-114
 1533 05e6 00        		.byte	0
 1534 05e7 00        		.byte	0
 1535 05e8 00        		.byte	0
 1536 05e9 00        		.byte	0
 1537 05ea 00        		.byte	0
 1538 05eb 00        		.byte	0
 1539 05ec 00        		.byte	0
 1540 05ed 00        		.byte	0
 1541 05ee 00        		.byte	0
 1542 05ef 00        		.byte	0
 1543               		.text
 1544               	.global	delay_us
 1546               	delay_us:
 1547               	.LFB2:
 1548               	.LM1:
 1549               	/* prologue: frame size=0 */
 1550               	/* prologue end (size=0) */
 1551               	.L2:
 1552               	.LM2:
 1553 0000 0197      		sbiw r24,1
 1554 0002 2FEF      		ldi r18,hi8(-1)
 1555 0004 8F3F      		cpi r24,lo8(-1)
 1556 0006 9207      		cpc r25,r18
 1557 0008 D9F7      		brne .L2
 1558               	/* epilogue: frame size=0 */
 1559 000a 0895      		ret
 1560               	/* epilogue end (size=1) */
 1561               	/* function delay_us size 6 (5) */
 1562               	.LFE2:
 1564               	.global	delay_ms
 1566               	delay_ms:
 1567               	.LFB3:
 1568               	.LM3:
 1569               	/* prologue: frame size=0 */
 1570 000c CF93      		push r28
 1571 000e DF93      		push r29
 1572               	/* prologue end (size=2) */
 1573               	.LM4:
 1574 0010 EC01      		movw r28,r24
 1575 0012 2197      		sbiw r28,1
 1576 0014 8FEF      		ldi r24,hi8(-1)
 1577 0016 CF3F      		cpi r28,lo8(-1)
 1578 0018 D807      		cpc r29,r24
 1579 001a 49F0      		breq .L10
 1580               	.L8:
 1581               	.LM5:
 1582 001c 84E6      		ldi r24,lo8(100)
 1583 001e 90E0      		ldi r25,hi8(100)
 1584 0020 0E94 0000 		call delay_us
 1585 0024 2197      		sbiw r28,1
 1586 0026 8FEF      		ldi r24,hi8(-1)
 1587 0028 CF3F      		cpi r28,lo8(-1)
 1588 002a D807      		cpc r29,r24
 1589 002c B9F7      		brne .L8
 1590               	.L10:
 1591               	/* epilogue: frame size=0 */
 1592 002e DF91      		pop r29
 1593 0030 CF91      		pop r28
 1594 0032 0895      		ret
 1595               	/* epilogue end (size=3) */
 1596               	/* function delay_ms size 20 (15) */
 1597               	.LFE3:
 1599               	.global	LCD_WR_DATA16
 1601               	LCD_WR_DATA16:
 1602               	.LFB4:
 1603               	.LM6:
 1604               	/* prologue: frame size=0 */
 1605               	/* prologue end (size=0) */
 1606 0034 9C01      		movw r18,r24
 1607               	.LM7:
 1608 0036 C29A      		sbi 56-0x20,2
 1609               	.LM8:
 1610 0038 AF9A      		sbi 53-0x20,7
 1611               	.LM9:
 1612 003a AE98      		cbi 53-0x20,6
 1613               	.LM10:
 1614 003c C39A      		sbi 56-0x20,3
 1615               	.LM11:
 1616 003e 832F      		mov r24,r19
 1617 0040 9927      		clr r25
 1618 0042 8BBB      		out 59-0x20,r24
 1619               	.LM12:
 1620 0044 C398      		cbi 56-0x20,3
 1621               	.LM13:
 1622 0046 C39A      		sbi 56-0x20,3
 1623               	.LM14:
 1624 0048 2BBB      		out 59-0x20,r18
 1625               	.LM15:
 1626 004a C398      		cbi 56-0x20,3
 1627               	.LM16:
 1628 004c AE9A      		sbi 53-0x20,6
 1629               	/* epilogue: frame size=0 */
 1630 004e 0895      		ret
 1631               	/* epilogue end (size=1) */
 1632               	/* function LCD_WR_DATA16 size 14 (13) */
 1633               	.LFE4:
 1635               	.global	LCD_WR_REG16
 1637               	LCD_WR_REG16:
 1638               	.LFB5:
 1639               	.LM17:
 1640               	/* prologue: frame size=0 */
 1641               	/* prologue end (size=0) */
 1642 0050 9C01      		movw r18,r24
 1643               	.LM18:
 1644 0052 C29A      		sbi 56-0x20,2
 1645               	.LM19:
 1646 0054 AF98      		cbi 53-0x20,7
 1647               	.LM20:
 1648 0056 AE98      		cbi 53-0x20,6
 1649               	.LM21:
 1650 0058 C39A      		sbi 56-0x20,3
 1651               	.LM22:
 1652 005a 832F      		mov r24,r19
 1653 005c 9927      		clr r25
 1654 005e 8BBB      		out 59-0x20,r24
 1655               	.LM23:
 1656 0060 C398      		cbi 56-0x20,3
 1657               	.LM24:
 1658 0062 C39A      		sbi 56-0x20,3
 1659               	.LM25:
 1660 0064 2BBB      		out 59-0x20,r18
 1661               	.LM26:
 1662 0066 C398      		cbi 56-0x20,3
 1663               	.LM27:
 1664 0068 AE9A      		sbi 53-0x20,6
 1665               	/* epilogue: frame size=0 */
 1666 006a 0895      		ret
 1667               	/* epilogue end (size=1) */
 1668               	/* function LCD_WR_REG16 size 14 (13) */
 1669               	.LFE5:
 1671               	.global	LCD_WR_REG
 1673               	LCD_WR_REG:
 1674               	.LFB6:
 1675               	.LM28:
 1676               	/* prologue: frame size=0 */
 1677 006c 0F93      		push r16
 1678 006e 1F93      		push r17
 1679               	/* prologue end (size=2) */
 1680 0070 8B01      		movw r16,r22
 1681               	.LM29:
 1682 0072 0E94 0000 		call LCD_WR_REG16
 1683               	.LM30:
 1684 0076 C801      		movw r24,r16
 1685 0078 0E94 0000 		call LCD_WR_DATA16
 1686               	/* epilogue: frame size=0 */
 1687 007c 1F91      		pop r17
 1688 007e 0F91      		pop r16
 1689 0080 0895      		ret
 1690               	/* epilogue end (size=3) */
 1691               	/* function LCD_WR_REG size 11 (6) */
 1692               	.LFE6:
 1694               	.global	LCD_Clear
 1696               	LCD_Clear:
 1697               	.LFB8:
 1698               	.LM31:
 1699               	/* prologue: frame size=0 */
 1700 0082 EF92      		push r14
 1701 0084 FF92      		push r15
 1702 0086 0F93      		push r16
 1703 0088 1F93      		push r17
 1704 008a CF93      		push r28
 1705 008c DF93      		push r29
 1706               	/* prologue end (size=6) */
 1707 008e EC01      		movw r28,r24
 1708               	.LM32:
 1709 0090 60E0      		ldi r22,lo8(0)
 1710 0092 70E0      		ldi r23,hi8(0)
 1711 0094 80E2      		ldi r24,lo8(32)
 1712 0096 90E0      		ldi r25,hi8(32)
 1713 0098 0E94 0000 		call LCD_WR_REG
 1714               	.LM33:
 1715 009c 6FE3      		ldi r22,lo8(319)
 1716 009e 71E0      		ldi r23,hi8(319)
 1717 00a0 81E2      		ldi r24,lo8(33)
 1718 00a2 90E0      		ldi r25,hi8(33)
 1719 00a4 0E94 0000 		call LCD_WR_REG
 1720               	.LM34:
 1721 00a8 60E0      		ldi r22,lo8(0)
 1722 00aa 70E0      		ldi r23,hi8(0)
 1723 00ac 80E5      		ldi r24,lo8(80)
 1724 00ae 90E0      		ldi r25,hi8(80)
 1725 00b0 0E94 0000 		call LCD_WR_REG
 1726               	.LM35:
 1727 00b4 6FEE      		ldi r22,lo8(239)
 1728 00b6 70E0      		ldi r23,hi8(239)
 1729 00b8 81E5      		ldi r24,lo8(81)
 1730 00ba 90E0      		ldi r25,hi8(81)
 1731 00bc 0E94 0000 		call LCD_WR_REG
 1732               	.LM36:
 1733 00c0 60E0      		ldi r22,lo8(0)
 1734 00c2 70E0      		ldi r23,hi8(0)
 1735 00c4 82E5      		ldi r24,lo8(82)
 1736 00c6 90E0      		ldi r25,hi8(82)
 1737 00c8 0E94 0000 		call LCD_WR_REG
 1738               	.LM37:
 1739 00cc 6FE3      		ldi r22,lo8(319)
 1740 00ce 71E0      		ldi r23,hi8(319)
 1741 00d0 83E5      		ldi r24,lo8(83)
 1742 00d2 90E0      		ldi r25,hi8(83)
 1743 00d4 0E94 0000 		call LCD_WR_REG
 1744               	.LM38:
 1745 00d8 82E2      		ldi r24,lo8(34)
 1746 00da 90E0      		ldi r25,hi8(34)
 1747 00dc 0E94 0000 		call LCD_WR_REG16
 1748 00e0 2FEF      		ldi r18,lo8(76799)
 1749 00e2 E22E      		mov r14,r18
 1750 00e4 2BE2      		ldi r18,hi8(76799)
 1751 00e6 F22E      		mov r15,r18
 1752 00e8 21E0      		ldi r18,hlo8(76799)
 1753 00ea 022F      		mov r16,r18
 1754 00ec 112D      		mov r17,__zero_reg__
 1755               	.L18:
 1756               	.LM39:
 1757 00ee CE01      		movw r24,r28
 1758 00f0 0E94 0000 		call LCD_WR_DATA16
 1759               	.LM40:
 1760 00f4 0894      		sec
 1761 00f6 E108      		sbc r14,__zero_reg__
 1762 00f8 F108      		sbc r15,__zero_reg__
 1763 00fa 0109      		sbc r16,__zero_reg__
 1764 00fc 1109      		sbc r17,__zero_reg__
 1765 00fe 17FF      		sbrs r17,7
 1766 0100 F6CF      		rjmp .L18
 1767               	/* epilogue: frame size=0 */
 1768 0102 DF91      		pop r29
 1769 0104 CF91      		pop r28
 1770 0106 1F91      		pop r17
 1771 0108 0F91      		pop r16
 1772 010a FF90      		pop r15
 1773 010c EF90      		pop r14
 1774 010e 0895      		ret
 1775               	/* epilogue end (size=7) */
 1776               	/* function LCD_Clear size 71 (58) */
 1777               	.LFE8:
 1779               	.global	LCD_Init
 1781               	LCD_Init:
 1782               	.LFB7:
 1783               	.LM41:
 1784               	/* prologue: frame size=0 */
 1785               	/* prologue end (size=0) */
 1786               	.LM42:
 1787 0110 8E9A      		sbi 49-0x20,6
 1788 0112 A69A      		sbi 52-0x20,6
 1789 0114 A79A      		sbi 52-0x20,7
 1790 0116 BB9A      		sbi 55-0x20,3
 1791 0118 BA9A      		sbi 55-0x20,2
 1792 011a B99A      		sbi 55-0x20,1
 1793               	.LM43:
 1794 011c C198      		cbi 56-0x20,1
 1795               	.LM44:
 1796 011e 88EC      		ldi r24,lo8(200)
 1797 0120 90E0      		ldi r25,hi8(200)
 1798 0122 0E94 0000 		call delay_ms
 1799               	.LM45:
 1800 0126 C19A      		sbi 56-0x20,1
 1801               	.LM46:
 1802 0128 88EC      		ldi r24,lo8(200)
 1803 012a 90E0      		ldi r25,hi8(200)
 1804 012c 0E94 0000 		call delay_ms
 1805               	.LM47:
 1806 0130 60E0      		ldi r22,lo8(0)
 1807 0132 70E0      		ldi r23,hi8(0)
 1808 0134 81E0      		ldi r24,lo8(1)
 1809 0136 90E0      		ldi r25,hi8(1)
 1810 0138 0E94 0000 		call LCD_WR_REG
 1811               	.LM48:
 1812 013c 60E0      		ldi r22,lo8(1792)
 1813 013e 77E0      		ldi r23,hi8(1792)
 1814 0140 82E0      		ldi r24,lo8(2)
 1815 0142 90E0      		ldi r25,hi8(2)
 1816 0144 0E94 0000 		call LCD_WR_REG
 1817               	.LM49:
 1818 0148 68E1      		ldi r22,lo8(4120)
 1819 014a 70E1      		ldi r23,hi8(4120)
 1820 014c 83E0      		ldi r24,lo8(3)
 1821 014e 90E0      		ldi r25,hi8(3)
 1822 0150 0E94 0000 		call LCD_WR_REG
 1823               	.LM50:
 1824 0154 60E0      		ldi r22,lo8(0)
 1825 0156 70E0      		ldi r23,hi8(0)
 1826 0158 84E0      		ldi r24,lo8(4)
 1827 015a 90E0      		ldi r25,hi8(4)
 1828 015c 0E94 0000 		call LCD_WR_REG
 1829               	.LM51:
 1830 0160 67E0      		ldi r22,lo8(519)
 1831 0162 72E0      		ldi r23,hi8(519)
 1832 0164 88E0      		ldi r24,lo8(8)
 1833 0166 90E0      		ldi r25,hi8(8)
 1834 0168 0E94 0000 		call LCD_WR_REG
 1835               	.LM52:
 1836 016c 60E0      		ldi r22,lo8(0)
 1837 016e 70E0      		ldi r23,hi8(0)
 1838 0170 89E0      		ldi r24,lo8(9)
 1839 0172 90E0      		ldi r25,hi8(9)
 1840 0174 0E94 0000 		call LCD_WR_REG
 1841               	.LM53:
 1842 0178 60E0      		ldi r22,lo8(0)
 1843 017a 70E0      		ldi r23,hi8(0)
 1844 017c 8AE0      		ldi r24,lo8(10)
 1845 017e 90E0      		ldi r25,hi8(10)
 1846 0180 0E94 0000 		call LCD_WR_REG
 1847               	.LM54:
 1848 0184 60E0      		ldi r22,lo8(0)
 1849 0186 70E0      		ldi r23,hi8(0)
 1850 0188 8CE0      		ldi r24,lo8(12)
 1851 018a 90E0      		ldi r25,hi8(12)
 1852 018c 0E94 0000 		call LCD_WR_REG
 1853               	.LM55:
 1854 0190 60E0      		ldi r22,lo8(0)
 1855 0192 70E0      		ldi r23,hi8(0)
 1856 0194 8DE0      		ldi r24,lo8(13)
 1857 0196 90E0      		ldi r25,hi8(13)
 1858 0198 0E94 0000 		call LCD_WR_REG
 1859               	.LM56:
 1860 019c 60E0      		ldi r22,lo8(0)
 1861 019e 70E0      		ldi r23,hi8(0)
 1862 01a0 8FE0      		ldi r24,lo8(15)
 1863 01a2 90E0      		ldi r25,hi8(15)
 1864 01a4 0E94 0000 		call LCD_WR_REG
 1865               	.LM57:
 1866 01a8 60E0      		ldi r22,lo8(0)
 1867 01aa 70E0      		ldi r23,hi8(0)
 1868 01ac 80E1      		ldi r24,lo8(16)
 1869 01ae 90E0      		ldi r25,hi8(16)
 1870 01b0 0E94 0000 		call LCD_WR_REG
 1871               	.LM58:
 1872 01b4 67E0      		ldi r22,lo8(7)
 1873 01b6 70E0      		ldi r23,hi8(7)
 1874 01b8 81E1      		ldi r24,lo8(17)
 1875 01ba 90E0      		ldi r25,hi8(17)
 1876 01bc 0E94 0000 		call LCD_WR_REG
 1877               	.LM59:
 1878 01c0 60E0      		ldi r22,lo8(0)
 1879 01c2 70E0      		ldi r23,hi8(0)
 1880 01c4 82E1      		ldi r24,lo8(18)
 1881 01c6 90E0      		ldi r25,hi8(18)
 1882 01c8 0E94 0000 		call LCD_WR_REG
 1883               	.LM60:
 1884 01cc 60E0      		ldi r22,lo8(4864)
 1885 01ce 73E1      		ldi r23,hi8(4864)
 1886 01d0 83E1      		ldi r24,lo8(19)
 1887 01d2 90E0      		ldi r25,hi8(19)
 1888 01d4 0E94 0000 		call LCD_WR_REG
 1889               	.LM61:
 1890 01d8 88E8      		ldi r24,lo8(5000)
 1891 01da 93E1      		ldi r25,hi8(5000)
 1892 01dc 0E94 0000 		call delay_ms
 1893               	.LM62:
 1894 01e0 60E9      		ldi r22,lo8(4752)
 1895 01e2 72E1      		ldi r23,hi8(4752)
 1896 01e4 80E1      		ldi r24,lo8(16)
 1897 01e6 90E0      		ldi r25,hi8(16)
 1898 01e8 0E94 0000 		call LCD_WR_REG
 1899               	.LM63:
 1900 01ec 67E2      		ldi r22,lo8(1319)
 1901 01ee 75E0      		ldi r23,hi8(1319)
 1902 01f0 81E1      		ldi r24,lo8(17)
 1903 01f2 90E0      		ldi r25,hi8(17)
 1904 01f4 0E94 0000 		call LCD_WR_REG
 1905               	.LM64:
 1906 01f8 84E6      		ldi r24,lo8(100)
 1907 01fa 90E0      		ldi r25,hi8(100)
 1908 01fc 0E94 0000 		call delay_ms
 1909               	.LM65:
 1910 0200 68E1      		ldi r22,lo8(24)
 1911 0202 70E0      		ldi r23,hi8(24)
 1912 0204 82E1      		ldi r24,lo8(18)
 1913 0206 90E0      		ldi r25,hi8(18)
 1914 0208 0E94 0000 		call LCD_WR_REG
 1915               	.LM66:
 1916 020c 84E6      		ldi r24,lo8(100)
 1917 020e 90E0      		ldi r25,hi8(100)
 1918 0210 0E94 0000 		call delay_ms
 1919               	.LM67:
 1920 0214 60E0      		ldi r22,lo8(4096)
 1921 0216 70E1      		ldi r23,hi8(4096)
 1922 0218 83E1      		ldi r24,lo8(19)
 1923 021a 90E0      		ldi r25,hi8(19)
 1924 021c 0E94 0000 		call LCD_WR_REG
 1925               	.LM68:
 1926 0220 6EE1      		ldi r22,lo8(30)
 1927 0222 70E0      		ldi r23,hi8(30)
 1928 0224 89E2      		ldi r24,lo8(41)
 1929 0226 90E0      		ldi r25,hi8(41)
 1930 0228 0E94 0000 		call LCD_WR_REG
 1931               	.LM69:
 1932 022c 6DE0      		ldi r22,lo8(13)
 1933 022e 70E0      		ldi r23,hi8(13)
 1934 0230 8BE2      		ldi r24,lo8(43)
 1935 0232 90E0      		ldi r25,hi8(43)
 1936 0234 0E94 0000 		call LCD_WR_REG
 1937               	.LM70:
 1938 0238 84E6      		ldi r24,lo8(100)
 1939 023a 90E0      		ldi r25,hi8(100)
 1940 023c 0E94 0000 		call delay_ms
 1941               	.LM71:
 1942 0240 60E0      		ldi r22,lo8(0)
 1943 0242 70E0      		ldi r23,hi8(0)
 1944 0244 80E2      		ldi r24,lo8(32)
 1945 0246 90E0      		ldi r25,hi8(32)
 1946 0248 0E94 0000 		call LCD_WR_REG
 1947               	.LM72:
 1948 024c 6FE3      		ldi r22,lo8(319)
 1949 024e 71E0      		ldi r23,hi8(319)
 1950 0250 81E2      		ldi r24,lo8(33)
 1951 0252 90E0      		ldi r25,hi8(33)
 1952 0254 0E94 0000 		call LCD_WR_REG
 1953               	.LM73:
 1954 0258 64E0      		ldi r22,lo8(4)
 1955 025a 70E0      		ldi r23,hi8(4)
 1956 025c 80E3      		ldi r24,lo8(48)
 1957 025e 90E0      		ldi r25,hi8(48)
 1958 0260 0E94 0000 		call LCD_WR_REG
 1959               	.LM74:
 1960 0264 67E0      		ldi r22,lo8(7)
 1961 0266 70E0      		ldi r23,hi8(7)
 1962 0268 81E3      		ldi r24,lo8(49)
 1963 026a 90E0      		ldi r25,hi8(49)
 1964 026c 0E94 0000 		call LCD_WR_REG
 1965               	.LM75:
 1966 0270 66E0      		ldi r22,lo8(6)
 1967 0272 70E0      		ldi r23,hi8(6)
 1968 0274 82E3      		ldi r24,lo8(50)
 1969 0276 90E0      		ldi r25,hi8(50)
 1970 0278 0E94 0000 		call LCD_WR_REG
 1971               	.LM76:
 1972 027c 66E0      		ldi r22,lo8(518)
 1973 027e 72E0      		ldi r23,hi8(518)
 1974 0280 85E3      		ldi r24,lo8(53)
 1975 0282 90E0      		ldi r25,hi8(53)
 1976 0284 0E94 0000 		call LCD_WR_REG
 1977               	.LM77:
 1978 0288 68E0      		ldi r22,lo8(1032)
 1979 028a 74E0      		ldi r23,hi8(1032)
 1980 028c 86E3      		ldi r24,lo8(54)
 1981 028e 90E0      		ldi r25,hi8(54)
 1982 0290 0E94 0000 		call LCD_WR_REG
 1983               	.LM78:
 1984 0294 67E0      		ldi r22,lo8(1287)
 1985 0296 75E0      		ldi r23,hi8(1287)
 1986 0298 87E3      		ldi r24,lo8(55)
 1987 029a 90E0      		ldi r25,hi8(55)
 1988 029c 0E94 0000 		call LCD_WR_REG
 1989               	.LM79:
 1990 02a0 60E0      		ldi r22,lo8(512)
 1991 02a2 72E0      		ldi r23,hi8(512)
 1992 02a4 88E3      		ldi r24,lo8(56)
 1993 02a6 90E0      		ldi r25,hi8(56)
 1994 02a8 0E94 0000 		call LCD_WR_REG
 1995               	.LM80:
 1996 02ac 67E0      		ldi r22,lo8(1799)
 1997 02ae 77E0      		ldi r23,hi8(1799)
 1998 02b0 89E3      		ldi r24,lo8(57)
 1999 02b2 90E0      		ldi r25,hi8(57)
 2000 02b4 0E94 0000 		call LCD_WR_REG
 2001               	.LM81:
 2002 02b8 64E0      		ldi r22,lo8(1284)
 2003 02ba 75E0      		ldi r23,hi8(1284)
 2004 02bc 8CE3      		ldi r24,lo8(60)
 2005 02be 90E0      		ldi r25,hi8(60)
 2006 02c0 0E94 0000 		call LCD_WR_REG
 2007               	.LM82:
 2008 02c4 62E0      		ldi r22,lo8(3842)
 2009 02c6 7FE0      		ldi r23,hi8(3842)
 2010 02c8 8DE3      		ldi r24,lo8(61)
 2011 02ca 90E0      		ldi r25,hi8(61)
 2012 02cc 0E94 0000 		call LCD_WR_REG
 2013               	.LM83:
 2014 02d0 60E0      		ldi r22,lo8(0)
 2015 02d2 70E0      		ldi r23,hi8(0)
 2016 02d4 80E5      		ldi r24,lo8(80)
 2017 02d6 90E0      		ldi r25,hi8(80)
 2018 02d8 0E94 0000 		call LCD_WR_REG
 2019               	.LM84:
 2020 02dc 6FEE      		ldi r22,lo8(239)
 2021 02de 70E0      		ldi r23,hi8(239)
 2022 02e0 81E5      		ldi r24,lo8(81)
 2023 02e2 90E0      		ldi r25,hi8(81)
 2024 02e4 0E94 0000 		call LCD_WR_REG
 2025               	.LM85:
 2026 02e8 60E0      		ldi r22,lo8(0)
 2027 02ea 70E0      		ldi r23,hi8(0)
 2028 02ec 82E5      		ldi r24,lo8(82)
 2029 02ee 90E0      		ldi r25,hi8(82)
 2030 02f0 0E94 0000 		call LCD_WR_REG
 2031               	.LM86:
 2032 02f4 6FE3      		ldi r22,lo8(319)
 2033 02f6 71E0      		ldi r23,hi8(319)
 2034 02f8 83E5      		ldi r24,lo8(83)
 2035 02fa 90E0      		ldi r25,hi8(83)
 2036 02fc 0E94 0000 		call LCD_WR_REG
 2037               	.LM87:
 2038 0300 60E0      		ldi r22,lo8(9984)
 2039 0302 77E2      		ldi r23,hi8(9984)
 2040 0304 80E6      		ldi r24,lo8(96)
 2041 0306 90E0      		ldi r25,hi8(96)
 2042 0308 0E94 0000 		call LCD_WR_REG
 2043               	.LM88:
 2044 030c 61E0      		ldi r22,lo8(1)
 2045 030e 70E0      		ldi r23,hi8(1)
 2046 0310 81E6      		ldi r24,lo8(97)
 2047 0312 90E0      		ldi r25,hi8(97)
 2048 0314 0E94 0000 		call LCD_WR_REG
 2049               	.LM89:
 2050 0318 60E0      		ldi r22,lo8(0)
 2051 031a 70E0      		ldi r23,hi8(0)
 2052 031c 8AE6      		ldi r24,lo8(106)
 2053 031e 90E0      		ldi r25,hi8(106)
 2054 0320 0E94 0000 		call LCD_WR_REG
 2055               	.LM90:
 2056 0324 60E0      		ldi r22,lo8(0)
 2057 0326 70E0      		ldi r23,hi8(0)
 2058 0328 80E8      		ldi r24,lo8(128)
 2059 032a 90E0      		ldi r25,hi8(128)
 2060 032c 0E94 0000 		call LCD_WR_REG
 2061               	.LM91:
 2062 0330 60E0      		ldi r22,lo8(0)
 2063 0332 70E0      		ldi r23,hi8(0)
 2064 0334 81E8      		ldi r24,lo8(129)
 2065 0336 90E0      		ldi r25,hi8(129)
 2066 0338 0E94 0000 		call LCD_WR_REG
 2067               	.LM92:
 2068 033c 60E0      		ldi r22,lo8(0)
 2069 033e 70E0      		ldi r23,hi8(0)
 2070 0340 82E8      		ldi r24,lo8(130)
 2071 0342 90E0      		ldi r25,hi8(130)
 2072 0344 0E94 0000 		call LCD_WR_REG
 2073               	.LM93:
 2074 0348 60E0      		ldi r22,lo8(0)
 2075 034a 70E0      		ldi r23,hi8(0)
 2076 034c 83E8      		ldi r24,lo8(131)
 2077 034e 90E0      		ldi r25,hi8(131)
 2078 0350 0E94 0000 		call LCD_WR_REG
 2079               	.LM94:
 2080 0354 60E0      		ldi r22,lo8(0)
 2081 0356 70E0      		ldi r23,hi8(0)
 2082 0358 84E8      		ldi r24,lo8(132)
 2083 035a 90E0      		ldi r25,hi8(132)
 2084 035c 0E94 0000 		call LCD_WR_REG
 2085               	.LM95:
 2086 0360 60E0      		ldi r22,lo8(0)
 2087 0362 70E0      		ldi r23,hi8(0)
 2088 0364 85E8      		ldi r24,lo8(133)
 2089 0366 90E0      		ldi r25,hi8(133)
 2090 0368 0E94 0000 		call LCD_WR_REG
 2091               	.LM96:
 2092 036c 60E1      		ldi r22,lo8(16)
 2093 036e 70E0      		ldi r23,hi8(16)
 2094 0370 80E9      		ldi r24,lo8(144)
 2095 0372 90E0      		ldi r25,hi8(144)
 2096 0374 0E94 0000 		call LCD_WR_REG
 2097               	.LM97:
 2098 0378 60E0      		ldi r22,lo8(1536)
 2099 037a 76E0      		ldi r23,hi8(1536)
 2100 037c 82E9      		ldi r24,lo8(146)
 2101 037e 90E0      		ldi r25,hi8(146)
 2102 0380 0E94 0000 		call LCD_WR_REG
 2103               	.LM98:
 2104 0384 63E0      		ldi r22,lo8(3)
 2105 0386 70E0      		ldi r23,hi8(3)
 2106 0388 83E9      		ldi r24,lo8(147)
 2107 038a 90E0      		ldi r25,hi8(147)
 2108 038c 0E94 0000 		call LCD_WR_REG
 2109               	.LM99:
 2110 0390 60E1      		ldi r22,lo8(272)
 2111 0392 71E0      		ldi r23,hi8(272)
 2112 0394 85E9      		ldi r24,lo8(149)
 2113 0396 90E0      		ldi r25,hi8(149)
 2114 0398 0E94 0000 		call LCD_WR_REG
 2115               	.LM100:
 2116 039c 60E0      		ldi r22,lo8(0)
 2117 039e 70E0      		ldi r23,hi8(0)
 2118 03a0 87E9      		ldi r24,lo8(151)
 2119 03a2 90E0      		ldi r25,hi8(151)
 2120 03a4 0E94 0000 		call LCD_WR_REG
 2121               	.LM101:
 2122 03a8 60E0      		ldi r22,lo8(0)
 2123 03aa 70E0      		ldi r23,hi8(0)
 2124 03ac 88E9      		ldi r24,lo8(152)
 2125 03ae 90E0      		ldi r25,hi8(152)
 2126 03b0 0E94 0000 		call LCD_WR_REG
 2127               	.LM102:
 2128 03b4 63E7      		ldi r22,lo8(371)
 2129 03b6 71E0      		ldi r23,hi8(371)
 2130 03b8 87E0      		ldi r24,lo8(7)
 2131 03ba 90E0      		ldi r25,hi8(7)
 2132 03bc 0E94 0000 		call LCD_WR_REG
 2133               	.LM103:
 2134 03c0 80E0      		ldi r24,lo8(-2048)
 2135 03c2 98EF      		ldi r25,hi8(-2048)
 2136 03c4 0E94 0000 		call LCD_Clear
 2137               	.LM104:
 2138 03c8 84EF      		ldi r24,lo8(500)
 2139 03ca 91E0      		ldi r25,hi8(500)
 2140 03cc 0E94 0000 		call delay_ms
 2141               	.LM105:
 2142 03d0 969A      		sbi 50-0x20,6
 2143               	/* epilogue: frame size=0 */
 2144 03d2 0895      		ret
 2145               	/* epilogue end (size=1) */
 2146               	/* function LCD_Init size 354 (353) */
 2147               	.LFE7:
 2149               	.global	LCD_write_english
 2151               	LCD_write_english:
 2152               	.LFB9:
 2153               	.LM106:
 2154               	/* prologue: frame size=0 */
 2155 03d4 BF92      		push r11
 2156 03d6 CF92      		push r12
 2157 03d8 DF92      		push r13
 2158 03da EF92      		push r14
 2159 03dc FF92      		push r15
 2160 03de 0F93      		push r16
 2161 03e0 1F93      		push r17
 2162 03e2 CF93      		push r28
 2163               	/* prologue end (size=8) */
 2164 03e4 B82E      		mov r11,r24
 2165 03e6 6B01      		movw r12,r22
 2166 03e8 7A01      		movw r14,r20
 2167               	.LM107:
 2168 03ea 82E2      		ldi r24,lo8(34)
 2169 03ec 90E0      		ldi r25,hi8(34)
 2170 03ee 0E94 0000 		call LCD_WR_REG16
 2171               	.LM108:
 2172 03f2 00E0      		ldi r16,lo8(0)
 2173               	.L32:
 2174               	.LBB2:
 2175               	.LM109:
 2176 03f4 EB2D      		mov r30,r11
 2177 03f6 FF27      		clr r31
 2178 03f8 34E0      		ldi r19,4
 2179 03fa EE0F      	1:	lsl r30
 2180 03fc FF1F      		rol r31
 2181 03fe 3A95      		dec r19
 2182 0400 E1F7      		brne 1b
 2183 0402 E00F      		add r30,r16
 2184 0404 F11D      		adc r31,__zero_reg__
 2185 0406 E050      		subi r30,lo8(-(english-512))
 2186 0408 F040      		sbci r31,hi8(-(english-512))
 2187               	/* #APP */
 2188 040a C491      		lpm r28, Z
 2189               		
 2190               	/* #NOAPP */
 2191 040c 17E0      		ldi r17,lo8(7)
 2192               	.L31:
 2193               	.LBE2:
 2194               	.LM110:
 2195 040e C7FF      		sbrs r28,7
 2196 0410 02C0      		rjmp .L29
 2197 0412 C601      		movw r24,r12
 2198 0414 01C0      		rjmp .L37
 2199               	.L29:
 2200               	.LM111:
 2201 0416 C701      		movw r24,r14
 2202               	.L37:
 2203 0418 0E94 0000 		call LCD_WR_DATA16
 2204               	.LM112:
 2205 041c CC0F      		lsl r28
 2206               	.LM113:
 2207 041e 1150      		subi r17,lo8(-(-1))
 2208 0420 17FF      		sbrs r17,7
 2209 0422 F5CF      		rjmp .L31
 2210               	.LM114:
 2211 0424 0F5F      		subi r16,lo8(-(1))
 2212 0426 0031      		cpi r16,lo8(16)
 2213 0428 28F3      		brlo .L32
 2214               	/* epilogue: frame size=0 */
 2215 042a CF91      		pop r28
 2216 042c 1F91      		pop r17
 2217 042e 0F91      		pop r16
 2218 0430 FF90      		pop r15
 2219 0432 EF90      		pop r14
 2220 0434 DF90      		pop r13
 2221 0436 CF90      		pop r12
 2222 0438 BF90      		pop r11
 2223 043a 0895      		ret
 2224               	/* epilogue end (size=9) */
 2225               	/* function LCD_write_english size 55 (38) */
 2226               	.LFE9:
 2228               	.global	LCD_SetCursor
 2230               	LCD_SetCursor:
 2231               	.LFB12:
 2232               	.LM115:
 2233               	/* prologue: frame size=0 */
 2234 043c 1F93      		push r17
 2235               	/* prologue end (size=1) */
 2236 043e 162F      		mov r17,r22
 2237               	.LM116:
 2238 0440 9927      		clr r25
 2239 0442 BC01      		movw r22,r24
 2240 0444 80E2      		ldi r24,lo8(32)
 2241 0446 90E0      		ldi r25,hi8(32)
 2242 0448 0E94 0000 		call LCD_WR_REG
 2243               	.LM117:
 2244 044c 812F      		mov r24,r17
 2245 044e 9927      		clr r25
 2246 0450 BC01      		movw r22,r24
 2247 0452 81E2      		ldi r24,lo8(33)
 2248 0454 90E0      		ldi r25,hi8(33)
 2249 0456 0E94 0000 		call LCD_WR_REG
 2250               	/* epilogue: frame size=0 */
 2251 045a 1F91      		pop r17
 2252 045c 0895      		ret
 2253               	/* epilogue end (size=2) */
 2254               	/* function LCD_SetCursor size 17 (14) */
 2255               	.LFE12:
 2257               	.global	Lcd_SetBox
 2259               	Lcd_SetBox:
 2260               	.LFB11:
 2261               	.LM118:
 2262               	/* prologue: frame size=0 */
 2263 045e BF92      		push r11
 2264 0460 CF92      		push r12
 2265 0462 DF92      		push r13
 2266 0464 EF92      		push r14
 2267 0466 FF92      		push r15
 2268 0468 0F93      		push r16
 2269 046a 1F93      		push r17
 2270               	/* prologue end (size=7) */
 2271 046c 182F      		mov r17,r24
 2272 046e 6B01      		movw r12,r22
 2273 0470 B42E      		mov r11,r20
 2274 0472 7901      		movw r14,r18
 2275               	.LM119:
 2276 0474 822F      		mov r24,r18
 2277 0476 861B      		sub r24,r22
 2278 0478 895C      		subi r24,lo8(-(55))
 2279 047a 682F      		mov r22,r24
 2280 047c 812F      		mov r24,r17
 2281 047e 0E94 0000 		call LCD_SetCursor
 2282               	.LM120:
 2283 0482 012F      		mov r16,r17
 2284 0484 1127      		clr r17
 2285 0486 B801      		movw r22,r16
 2286 0488 80E5      		ldi r24,lo8(80)
 2287 048a 90E0      		ldi r25,hi8(80)
 2288 048c 0E94 0000 		call LCD_WR_REG
 2289               	.LM121:
 2290 0490 0B0D      		add r16,r11
 2291 0492 111D      		adc r17,__zero_reg__
 2292 0494 0150      		subi r16,lo8(-(-1))
 2293 0496 1040      		sbci r17,hi8(-(-1))
 2294 0498 B801      		movw r22,r16
 2295 049a 81E5      		ldi r24,lo8(81)
 2296 049c 90E0      		ldi r25,hi8(81)
 2297 049e 0E94 0000 		call LCD_WR_REG
 2298               	.LM122:
 2299 04a2 88E3      		ldi r24,lo8(312)
 2300 04a4 91E0      		ldi r25,hi8(312)
 2301 04a6 8C19      		sub r24,r12
 2302 04a8 9D09      		sbc r25,r13
 2303 04aa BC01      		movw r22,r24
 2304 04ac 82E5      		ldi r24,lo8(82)
 2305 04ae 90E0      		ldi r25,hi8(82)
 2306 04b0 0E94 0000 		call LCD_WR_REG
 2307               	.LM123:
 2308 04b4 EC18      		sub r14,r12
 2309 04b6 FD08      		sbc r15,r13
 2310 04b8 87E3      		ldi r24,lo8(311)
 2311 04ba 91E0      		ldi r25,hi8(311)
 2312 04bc E80E      		add r14,r24
 2313 04be F91E      		adc r15,r25
 2314 04c0 B701      		movw r22,r14
 2315 04c2 83E5      		ldi r24,lo8(83)
 2316 04c4 90E0      		ldi r25,hi8(83)
 2317 04c6 0E94 0000 		call LCD_WR_REG
 2318               	/* epilogue: frame size=0 */
 2319 04ca 1F91      		pop r17
 2320 04cc 0F91      		pop r16
 2321 04ce FF90      		pop r15
 2322 04d0 EF90      		pop r14
 2323 04d2 DF90      		pop r13
 2324 04d4 CF90      		pop r12
 2325 04d6 BF90      		pop r11
 2326 04d8 0895      		ret
 2327               	/* epilogue end (size=8) */
 2328               	/* function Lcd_SetBox size 62 (47) */
 2329               	.LFE11:
 2331               	.global	LCD_write_english_string
 2333               	LCD_write_english_string:
 2334               	.LFB10:
 2335               	.LM124:
 2336               	/* prologue: frame size=0 */
 2337 04da BF92      		push r11
 2338 04dc CF92      		push r12
 2339 04de DF92      		push r13
 2340 04e0 EF92      		push r14
 2341 04e2 FF92      		push r15
 2342 04e4 0F93      		push r16
 2343 04e6 1F93      		push r17
 2344 04e8 CF93      		push r28
 2345 04ea DF93      		push r29
 2346               	/* prologue end (size=9) */
 2347 04ec FC01      		movw r30,r24
 2348 04ee B62E      		mov r11,r22
 2349 04f0 7A01      		movw r14,r20
 2350 04f2 6901      		movw r12,r18
 2351               	.LM125:
 2352 04f4 DA01      		movw r26,r20
 2353 04f6 8C91      		ld r24,X
 2354 04f8 8823      		tst r24
 2355 04fa A1F0      		breq .L45
 2356 04fc EF01      		movw r28,r30
 2357               	.L43:
 2358               	.LM126:
 2359 04fe 28E0      		ldi r18,lo8(8)
 2360 0500 30E0      		ldi r19,hi8(8)
 2361 0502 4FE0      		ldi r20,lo8(15)
 2362 0504 BE01      		movw r22,r28
 2363 0506 8B2D      		mov r24,r11
 2364 0508 0E94 0000 		call Lcd_SetBox
 2365               	.LM127:
 2366 050c A801      		movw r20,r16
 2367 050e B601      		movw r22,r12
 2368 0510 F701      		movw r30,r14
 2369 0512 8191      		ld r24,Z+
 2370 0514 7F01      		movw r14,r30
 2371 0516 0E94 0000 		call LCD_write_english
 2372 051a 2896      		adiw r28,8
 2373               	.LM128:
 2374 051c D701      		movw r26,r14
 2375 051e 8C91      		ld r24,X
 2376 0520 8823      		tst r24
 2377 0522 69F7      		brne .L43
 2378               	.L45:
 2379               	/* epilogue: frame size=0 */
 2380 0524 DF91      		pop r29
 2381 0526 CF91      		pop r28
 2382 0528 1F91      		pop r17
 2383 052a 0F91      		pop r16
 2384 052c FF90      		pop r15
 2385 052e EF90      		pop r14
 2386 0530 DF90      		pop r13
 2387 0532 CF90      		pop r12
 2388 0534 BF90      		pop r11
 2389 0536 0895      		ret
 2390               	/* epilogue end (size=10) */
 2391               	/* function LCD_write_english_string size 47 (28) */
 2392               	.LFE10:
 2394               	.global	Test
 2396               	Test:
 2397               	.LFB13:
 2398               	.LM129:
 2399               	/* prologue: frame size=0 */
 2400 0538 AF92      		push r10
 2401 053a BF92      		push r11
 2402 053c CF92      		push r12
 2403 053e DF92      		push r13
 2404 0540 EF92      		push r14
 2405 0542 FF92      		push r15
 2406 0544 0F93      		push r16
 2407 0546 1F93      		push r17
 2408               	/* prologue end (size=8) */
 2409               	.LM130:
 2410 0548 60E0      		ldi r22,lo8(0)
 2411 054a 70E0      		ldi r23,hi8(0)
 2412 054c 80E2      		ldi r24,lo8(32)
 2413 054e 90E0      		ldi r25,hi8(32)
 2414 0550 0E94 0000 		call LCD_WR_REG
 2415               	.LM131:
 2416 0554 6FE3      		ldi r22,lo8(319)
 2417 0556 71E0      		ldi r23,hi8(319)
 2418 0558 81E2      		ldi r24,lo8(33)
 2419 055a 90E0      		ldi r25,hi8(33)
 2420 055c 0E94 0000 		call LCD_WR_REG
 2421               	.LM132:
 2422 0560 EE24      		clr r14
 2423 0562 FF24      		clr r15
 2424 0564 8701      		movw r16,r14
 2425               	.L61:
 2426               	.LM133:
 2427 0566 60E0      		ldi r22,lo8(0)
 2428 0568 70E0      		ldi r23,hi8(0)
 2429 056a 80E5      		ldi r24,lo8(80)
 2430 056c 90E0      		ldi r25,hi8(80)
 2431 056e 0E94 0000 		call LCD_WR_REG
 2432               	.LM134:
 2433 0572 6FEE      		ldi r22,lo8(239)
 2434 0574 70E0      		ldi r23,hi8(239)
 2435 0576 81E5      		ldi r24,lo8(81)
 2436 0578 90E0      		ldi r25,hi8(81)
 2437 057a 0E94 0000 		call LCD_WR_REG
 2438               	.LM135:
 2439 057e 60E0      		ldi r22,lo8(0)
 2440 0580 70E0      		ldi r23,hi8(0)
 2441 0582 82E5      		ldi r24,lo8(82)
 2442 0584 90E0      		ldi r25,hi8(82)
 2443 0586 0E94 0000 		call LCD_WR_REG
 2444               	.LM136:
 2445 058a 6FE3      		ldi r22,lo8(319)
 2446 058c 71E0      		ldi r23,hi8(319)
 2447 058e 83E5      		ldi r24,lo8(83)
 2448 0590 90E0      		ldi r25,hi8(83)
 2449 0592 0E94 0000 		call LCD_WR_REG
 2450               	.LM137:
 2451 0596 82E2      		ldi r24,lo8(34)
 2452 0598 90E0      		ldi r25,hi8(34)
 2453 059a 0E94 0000 		call LCD_WR_REG16
 2454 059e 4FEF      		ldi r20,lo8(76799)
 2455 05a0 A42E      		mov r10,r20
 2456 05a2 4BE2      		ldi r20,hi8(76799)
 2457 05a4 B42E      		mov r11,r20
 2458 05a6 41E0      		ldi r20,hlo8(76799)
 2459 05a8 C42E      		mov r12,r20
 2460 05aa D12C      		mov r13,__zero_reg__
 2461               	.L60:
 2462               	.LM138:
 2463 05ac E114      		cp r14,__zero_reg__
 2464 05ae F104      		cpc r15,__zero_reg__
 2465 05b0 0105      		cpc r16,__zero_reg__
 2466 05b2 1105      		cpc r17,__zero_reg__
 2467 05b4 21F4      		brne .L53
 2468 05b6 8FE1      		ldi r24,lo8(31)
 2469 05b8 90E0      		ldi r25,hi8(31)
 2470 05ba 0E94 0000 		call LCD_WR_DATA16
 2471               	.L53:
 2472               	.LM139:
 2473 05be 81E0      		ldi r24,lo8(1)
 2474 05c0 E816      		cp r14,r24
 2475 05c2 F104      		cpc r15,__zero_reg__
 2476 05c4 0105      		cpc r16,__zero_reg__
 2477 05c6 1105      		cpc r17,__zero_reg__
 2478 05c8 21F4      		brne .L54
 2479 05ca 80E0      		ldi r24,lo8(-2048)
 2480 05cc 98EF      		ldi r25,hi8(-2048)
 2481 05ce 0E94 0000 		call LCD_WR_DATA16
 2482               	.L54:
 2483               	.LM140:
 2484 05d2 82E0      		ldi r24,lo8(2)
 2485 05d4 E816      		cp r14,r24
 2486 05d6 F104      		cpc r15,__zero_reg__
 2487 05d8 0105      		cpc r16,__zero_reg__
 2488 05da 1105      		cpc r17,__zero_reg__
 2489 05dc 21F4      		brne .L55
 2490 05de 80EE      		ldi r24,lo8(2016)
 2491 05e0 97E0      		ldi r25,hi8(2016)
 2492 05e2 0E94 0000 		call LCD_WR_DATA16
 2493               	.L55:
 2494               	.LM141:
 2495 05e6 83E0      		ldi r24,lo8(3)
 2496 05e8 E816      		cp r14,r24
 2497 05ea F104      		cpc r15,__zero_reg__
 2498 05ec 0105      		cpc r16,__zero_reg__
 2499 05ee 1105      		cpc r17,__zero_reg__
 2500 05f0 21F4      		brne .L56
 2501 05f2 8FEF      		ldi r24,lo8(2047)
 2502 05f4 97E0      		ldi r25,hi8(2047)
 2503 05f6 0E94 0000 		call LCD_WR_DATA16
 2504               	.L56:
 2505               	.LM142:
 2506 05fa 84E0      		ldi r24,lo8(4)
 2507 05fc E816      		cp r14,r24
 2508 05fe F104      		cpc r15,__zero_reg__
 2509 0600 0105      		cpc r16,__zero_reg__
 2510 0602 1105      		cpc r17,__zero_reg__
 2511 0604 21F4      		brne .L57
 2512 0606 8FE1      		ldi r24,lo8(-2017)
 2513 0608 98EF      		ldi r25,hi8(-2017)
 2514 060a 0E94 0000 		call LCD_WR_DATA16
 2515               	.L57:
 2516               	.LM143:
 2517 060e 85E0      		ldi r24,lo8(5)
 2518 0610 E816      		cp r14,r24
 2519 0612 F104      		cpc r15,__zero_reg__
 2520 0614 0105      		cpc r16,__zero_reg__
 2521 0616 1105      		cpc r17,__zero_reg__
 2522 0618 21F4      		brne .L58
 2523 061a 80EE      		ldi r24,lo8(-32)
 2524 061c 9FEF      		ldi r25,hi8(-32)
 2525 061e 0E94 0000 		call LCD_WR_DATA16
 2526               	.L58:
 2527               	.LM144:
 2528 0622 86E0      		ldi r24,lo8(6)
 2529 0624 E816      		cp r14,r24
 2530 0626 F104      		cpc r15,__zero_reg__
 2531 0628 0105      		cpc r16,__zero_reg__
 2532 062a 1105      		cpc r17,__zero_reg__
 2533 062c 21F4      		brne .L52
 2534 062e 80E0      		ldi r24,lo8(0)
 2535 0630 90E0      		ldi r25,hi8(0)
 2536 0632 0E94 0000 		call LCD_WR_DATA16
 2537               	.L52:
 2538               	.LM145:
 2539 0636 0894      		sec
 2540 0638 A108      		sbc r10,__zero_reg__
 2541 063a B108      		sbc r11,__zero_reg__
 2542 063c C108      		sbc r12,__zero_reg__
 2543 063e D108      		sbc r13,__zero_reg__
 2544 0640 D7FE      		sbrs r13,7
 2545 0642 B4CF      		rjmp .L60
 2546               	.LM146:
 2547 0644 84E6      		ldi r24,lo8(100)
 2548 0646 90E0      		ldi r25,hi8(100)
 2549 0648 0E94 0000 		call delay_ms
 2550               	.LM147:
 2551 064c 0894      		sec
 2552 064e E11C      		adc r14,__zero_reg__
 2553 0650 F11C      		adc r15,__zero_reg__
 2554 0652 011D      		adc r16,__zero_reg__
 2555 0654 111D      		adc r17,__zero_reg__
 2556 0656 87E0      		ldi r24,lo8(7)
 2557 0658 E816      		cp r14,r24
 2558 065a F104      		cpc r15,__zero_reg__
 2559 065c 0105      		cpc r16,__zero_reg__
 2560 065e 1105      		cpc r17,__zero_reg__
 2561 0660 08F4      		brsh .+2
 2562 0662 81CF      		rjmp .L61
 2563               	/* epilogue: frame size=0 */
 2564 0664 1F91      		pop r17
 2565 0666 0F91      		pop r16
 2566 0668 FF90      		pop r15
 2567 066a EF90      		pop r14
 2568 066c DF90      		pop r13
 2569 066e CF90      		pop r12
 2570 0670 BF90      		pop r11
 2571 0672 AF90      		pop r10
 2572 0674 0895      		ret
 2573               	/* epilogue end (size=9) */
 2574               	/* function Test size 159 (142) */
 2575               	.LFE13:
 2577               	.global	Init_INT0
 2579               	Init_INT0:
 2580               	.LFB14:
 2581               	.LM148:
 2582               	/* prologue: frame size=0 */
 2583               	/* prologue end (size=0) */
 2584               	.LM149:
 2585 0676 8FB7      		in r24,95-0x20
 2586 0678 8068      		ori r24,lo8(-128)
 2587 067a 8FBF      		out 95-0x20,r24
 2588               	.LM150:
 2589 067c 85B7      		in r24,85-0x20
 2590 067e 8360      		ori r24,lo8(3)
 2591 0680 85BF      		out 85-0x20,r24
 2592               	.LM151:
 2593 0682 80E4      		ldi r24,lo8(64)
 2594 0684 8BBF      		out 91-0x20,r24
 2595               	/* epilogue: frame size=0 */
 2596 0686 0895      		ret
 2597               	/* epilogue end (size=1) */
 2598               	/* function Init_INT0 size 9 (8) */
 2599               	.LFE14:
 2601               	.global	__vector_1
 2603               	__vector_1:
 2604               	.LFB15:
 2605               	.LM152:
 2606               	/* prologue: frame size=0 */
 2607 0688 1F92      		push __zero_reg__
 2608 068a 0F92      		push __tmp_reg__
 2609 068c 0FB6      		in __tmp_reg__,__SREG__
 2610 068e 0F92      		push __tmp_reg__
 2611 0690 1124      		clr __zero_reg__
 2612 0692 2F93      		push r18
 2613 0694 3F93      		push r19
 2614 0696 4F93      		push r20
 2615 0698 5F93      		push r21
 2616 069a 6F93      		push r22
 2617 069c 7F93      		push r23
 2618 069e 8F93      		push r24
 2619 06a0 9F93      		push r25
 2620 06a2 AF93      		push r26
 2621 06a4 BF93      		push r27
 2622 06a6 EF93      		push r30
 2623 06a8 FF93      		push r31
 2624               	/* prologue end (size=17) */
 2625               	.LM153:
 2626               	/* #APP */
 2627 06aa F894      		cli
 2628               	.LM154:
 2629               	/* #NOAPP */
 2630 06ac C098      		cbi 56-0x20,0
 2631               	.LM155:
 2632 06ae 979A      		sbi 50-0x20,7
 2633               	.LM156:
 2634 06b0 8FEF      		ldi r24,lo8(-1)
 2635 06b2 8ABB      		out 58-0x20,r24
 2636               	.LM157:
 2637 06b4 C098      		cbi 56-0x20,0
 2638               	.LM158:
 2639 06b6 979A      		sbi 50-0x20,7
 2640               	.LM159:
 2641 06b8 8ABB      		out 58-0x20,r24
 2642               	.LM160:
 2643 06ba 60E0      		ldi r22,lo8(0)
 2644 06bc 70E0      		ldi r23,hi8(0)
 2645 06be 80E2      		ldi r24,lo8(32)
 2646 06c0 90E0      		ldi r25,hi8(32)
 2647 06c2 0E94 0000 		call LCD_WR_REG
 2648               	.LM161:
 2649 06c6 6FE3      		ldi r22,lo8(319)
 2650 06c8 71E0      		ldi r23,hi8(319)
 2651 06ca 81E2      		ldi r24,lo8(33)
 2652 06cc 90E0      		ldi r25,hi8(33)
 2653 06ce 0E94 0000 		call LCD_WR_REG
 2654               	.LM162:
 2655 06d2 60E0      		ldi r22,lo8(0)
 2656 06d4 70E0      		ldi r23,hi8(0)
 2657 06d6 80E5      		ldi r24,lo8(80)
 2658 06d8 90E0      		ldi r25,hi8(80)
 2659 06da 0E94 0000 		call LCD_WR_REG
 2660               	.LM163:
 2661 06de 6FEE      		ldi r22,lo8(239)
 2662 06e0 70E0      		ldi r23,hi8(239)
 2663 06e2 81E5      		ldi r24,lo8(81)
 2664 06e4 90E0      		ldi r25,hi8(81)
 2665 06e6 0E94 0000 		call LCD_WR_REG
 2666               	.LM164:
 2667 06ea 60E0      		ldi r22,lo8(0)
 2668 06ec 70E0      		ldi r23,hi8(0)
 2669 06ee 82E5      		ldi r24,lo8(82)
 2670 06f0 90E0      		ldi r25,hi8(82)
 2671 06f2 0E94 0000 		call LCD_WR_REG
 2672               	.LM165:
 2673 06f6 6FE3      		ldi r22,lo8(319)
 2674 06f8 71E0      		ldi r23,hi8(319)
 2675 06fa 83E5      		ldi r24,lo8(83)
 2676 06fc 90E0      		ldi r25,hi8(83)
 2677 06fe 0E94 0000 		call LCD_WR_REG
 2678               	.LM166:
 2679 0702 68E2      		ldi r22,lo8(4136)
 2680 0704 70E1      		ldi r23,hi8(4136)
 2681 0706 83E0      		ldi r24,lo8(3)
 2682 0708 90E0      		ldi r25,hi8(3)
 2683 070a 0E94 0000 		call LCD_WR_REG
 2684               	.LM167:
 2685 070e 82E2      		ldi r24,lo8(34)
 2686 0710 90E0      		ldi r25,hi8(34)
 2687 0712 0E94 0000 		call LCD_WR_REG16
 2688               	.LM168:
 2689 0716 AE98      		cbi 53-0x20,6
 2690               	.LM169:
 2691 0718 1ABA      		out 58-0x20,__zero_reg__
 2692               	.LM170:
 2693 071a AF9A      		sbi 53-0x20,7
 2694               	.LM171:
 2695 071c C39A      		sbi 56-0x20,3
 2696               	.LM172:
 2697 071e 9798      		cbi 50-0x20,7
 2698               	.LM173:
 2699 0720 C09A      		sbi 56-0x20,0
 2700               	.LM174:
 2701               	/* #APP */
 2702 0722 7894      		sei
 2703               	/* #NOAPP */
 2704               	/* epilogue: frame size=0 */
 2705 0724 FF91      		pop r31
 2706 0726 EF91      		pop r30
 2707 0728 BF91      		pop r27
 2708 072a AF91      		pop r26
 2709 072c 9F91      		pop r25
 2710 072e 8F91      		pop r24
 2711 0730 7F91      		pop r23
 2712 0732 6F91      		pop r22
 2713 0734 5F91      		pop r21
 2714 0736 4F91      		pop r20
 2715 0738 3F91      		pop r19
 2716 073a 2F91      		pop r18
 2717 073c 0F90      		pop __tmp_reg__
 2718 073e 0FBE      		out __SREG__,__tmp_reg__
 2719 0740 0F90      		pop __tmp_reg__
 2720 0742 1F90      		pop __zero_reg__
 2721 0744 1895      		reti
 2722               	/* epilogue end (size=17) */
 2723               	/* function __vector_1 size 97 (63) */
 2724               	.LFE15:
 2726               	.Letext0:
DEFINED SYMBOLS
                            *ABS*:00000000 int.c
C:\DOCUME~1\ADMINI~1\LOCALS~1\Temp/ccwfgaaa.s:3      *ABS*:0000003f __SREG__
C:\DOCUME~1\ADMINI~1\LOCALS~1\Temp/ccwfgaaa.s:4      *ABS*:0000003e __SP_H__
C:\DOCUME~1\ADMINI~1\LOCALS~1\Temp/ccwfgaaa.s:5      *ABS*:0000003d __SP_L__
C:\DOCUME~1\ADMINI~1\LOCALS~1\Temp/ccwfgaaa.s:6      *ABS*:00000000 __tmp_reg__
C:\DOCUME~1\ADMINI~1\LOCALS~1\Temp/ccwfgaaa.s:7      *ABS*:00000001 __zero_reg__
C:\DOCUME~1\ADMINI~1\LOCALS~1\Temp/ccwfgaaa.s:22     .progmem.data:00000000 english
C:\DOCUME~1\ADMINI~1\LOCALS~1\Temp/ccwfgaaa.s:1546   .text:00000000 delay_us
C:\DOCUME~1\ADMINI~1\LOCALS~1\Temp/ccwfgaaa.s:1566   .text:0000000c delay_ms
C:\DOCUME~1\ADMINI~1\LOCALS~1\Temp/ccwfgaaa.s:1601   .text:00000034 LCD_WR_DATA16
C:\DOCUME~1\ADMINI~1\LOCALS~1\Temp/ccwfgaaa.s:1637   .text:00000050 LCD_WR_REG16
C:\DOCUME~1\ADMINI~1\LOCALS~1\Temp/ccwfgaaa.s:1673   .text:0000006c LCD_WR_REG
C:\DOCUME~1\ADMINI~1\LOCALS~1\Temp/ccwfgaaa.s:1696   .text:00000082 LCD_Clear
C:\DOCUME~1\ADMINI~1\LOCALS~1\Temp/ccwfgaaa.s:1781   .text:00000110 LCD_Init
C:\DOCUME~1\ADMINI~1\LOCALS~1\Temp/ccwfgaaa.s:2151   .text:000003d4 LCD_write_english
C:\DOCUME~1\ADMINI~1\LOCALS~1\Temp/ccwfgaaa.s:2230   .text:0000043c LCD_SetCursor
C:\DOCUME~1\ADMINI~1\LOCALS~1\Temp/ccwfgaaa.s:2259   .text:0000045e Lcd_SetBox
C:\DOCUME~1\ADMINI~1\LOCALS~1\Temp/ccwfgaaa.s:2333   .text:000004da LCD_write_english_string
C:\DOCUME~1\ADMINI~1\LOCALS~1\Temp/ccwfgaaa.s:2396   .text:00000538 Test
C:\DOCUME~1\ADMINI~1\LOCALS~1\Temp/ccwfgaaa.s:2579   .text:00000676 Init_INT0
C:\DOCUME~1\ADMINI~1\LOCALS~1\Temp/ccwfgaaa.s:2603   .text:00000688 __vector_1

UNDEFINED SYMBOLS
__do_copy_data
__do_clear_bss
